26930089
582594089
712965721
70468878
900220729
16518082
280386709
677036436
669926949
99527502
493925675
353674657
62074689
440087355
49651847
34303019
377864266
293331749
421344537
897199855
432101086
620322663
587533367
993426613
506666800
484082885
678926034
196773350
650514772
870093898
254497363
406930302
801581867
798089452
634461526
451684935
347137727
103128348
80042709
459697448
366279556
18142397
573842180
230188626
592667083
86510744
721028575
949814719
23381640
336256263
79921385
819772930
994171929
378082361
703441666
824502965
464056542
103095949
561234367
202452524
367309052
42379226
12575036
980754707
617599859
794556744
190189263
500698287
649281525
351531538
817563326
364242188
874287851
300538644
81886036
9441071
837895046
733306808
554647367
125598621
675909330
765006484
365345240
399564125
85413575
289155727
350447781
781721751
330116699
711586166
304904628
732249863
399778163
382781782
306156737
472781326
710998123
436147177
198331757
851652800
115285005
863405264
223407068
761377193
493496089
794507999
43053959
878367645
925935399
34592214
364833882
303576553
829717175
925289970
113080530
438553935
128058185
223461353
425873729
869930172
246897084
877543496
137832318
306675075
702351091
315366061
305194752
373556120
867309121
589058768
487773402
874734691
257965638
427017370
702839888
237983980
23094343
205231809
217316340
305297384
15490118
942487374
873493779
540035811
596547716
19144923
231654547
218663945
301634187
451700595
132208612
380836941
440172032
661400569
984517193
653468906
717773548
920714595
787209761
609539317
220070559
105185108
3551623
729553595
67954794
547517701
61007540
81657627
97795366
877412370
720366769
498136771
805975140
777032756
171680377
325699142
471797216
297245536
544324992
848273006
965573712
659720624
341296613
261580906
526887850
57662674
733404321
864869497
225730482
758386092
151050449
390600145
984271610
810668226
623829009
289646436
268401831
70072214
916016938
543350919
219982339
87390968
701065572
400919029
119037085
297681414
270981328
755217824
340813573
993926762
196785224
810658560
677374341
58156128
690188227
350108762
648644004
373738120
579855273
370801486
177692337
26354832
776115598
50039408
83696459
973775124
913117788
996719909
773762060
875833052
117511553
1344073
249812960
319763137
389082801
194061031
615463838
183616010
895669978
717462938
230960384
706126268
94218791
880458528
582579802
249794959
232064009
272091864
278694273
702863222
902014358
30615147
37642549
849594924
50925767
171224698
53550504
558091978
299456399
64780682
903324086
56690365
677850735
567993001
382418257
24358929
283911939
18978835
892744015
441186396
651163600
510669720
542009081
954434609
275750545
732870881
122437288
936258088
722984725
717323270
849621283
169437583
50493905
770949477
299309784
408851683
134182249
941994389
722379041
892175617
235155892
3457901
890104229
430919218
165601363
118961926
829702497
976699552
89611380
529745541
70808322
144606127
492066367
194434449
529723548
432406091
150109726
506442582
638838301
538502469
9184273
420780191
786809257
52028487
199167635
903247197
133556726
803130390
160789580
390051251
651704779
882172094
779407214
303160284
516611687
794900360
650703881
304378748
83481797
392100415
37483343
852300150
481658636
342183536
520436991
229333205
63151333
650931880
55425336
51516101
175358986
268585161
996364701
204041656
320212178
279391267
379388303
585167280
127401884
548421522
374750287
311007386
409659781
866241801
360303920
429190513
583072494
364019810
93986704
630018964
936777618
999619110
565673718
784261509
814538862
906045025
830629472
247704412
658411030
283451369
899751769
942568501
429959024
159057256
401886959
5133574
260126710
889571369
769743001
63887052
169643636
56941821
381125114
876255147
23453478
94886968
301504273
386012262
884286533
905818790
638295676
275301797
994344698
131001608
589275200
700647169
884680116
110104705
751413404
726617241
148535394
265580525
154185674
245326549
952370773
493604550
987042606
584640438
586700617
634970425
981056685
356378212
502253438
408771736
725584508
202624471
657405533
862450589
100954512
906770684
613230021
978519294
409892553
183695521
692277022
57275152
510094224
290392876
492435307
866320260
447145970
34023021
175992095
742156298
401298284
431972398
748241381
916065098
473056818
1455301
865927682
342601673
380216075
846613000
457394669
324132416
109756127
703692016
364269252
246919693
922410584
921237670
867029714
249255946
428207769
759943768
889096660
375573107
279271444
462308866
314669622
303065166
196879966
20648244
838068299
168831258
15350525
191900084
759724633
350344696
545369877
299732906
633038366
971584887
103311309
801398384
16852951
91468972
851583156
431771926
229899959
980124264
837906911
389807373
636287521
254905826
635710768
381630316
294641631
348957295
505545723
639588478
703428573
456499423
790752801
685158581
990744331
307908189
993372790
297274097
105387192
147866351
150910033
1158293
165735648
831627013
324330339
839096901
791834304
427857722
275605575
938151788
235616109
492527692
408398614
429093670
806641514
95002749
713250173
238837485
386260277
464144954
387225169
227376752
43618251
949146281
455900476
156432289
939637259
470995256
827668622
643595917
260925284
743574516
934846797
960823781
14579434
330461815
195712669
460338125
262363922
236879116
916412878
54059212
384625578
83917890
132778818
806166720
15917348
419764439
339177003
676214514
553898993
661865773
513823844
249472141
19178701
354638397
366046581
674773683
726617241
854369731
92526253
175352547
744788504
986235703
331475004
535321172
810897548
541107218
732129670
976918755
936346099
376468544
794274515
25502891
629434834
654747569
83396069
874637990
955358219
737122701
256107678
326786666
285135506
126136799
978756861
603874728
51056517
505859196
534852916
212600742
362353543
61054086
950881651
754090540
857009148
694183618
429158723
235637072
909005473
876027152
807647899
593628699
417629368
401492684
696986128
992044348
914360544
319029016
987916924
329827059
738488913
464548965
227212547
397277021
680886017
90277074
595586586
995247196
404258878
856187722
465352443
453232051
567792196
242700064
704142963
205977790
521547984
333178192
713612264
289853536
87010074
966133166
793849055
722818757
332325721
920794334
415085139
595414249
96859393
804517664
535803453
634000649
88210439
272246082
988058669
517847359
819115197
368361399
15690268
862504962
102685763
839844891
531465828
225391234
164693966
874792089
352411786
54964009
959214245
991407209
888977051
93272159
919237025
323459863
249746235
512984721
520126772
683273239
473282567
232635549
461228601
942541679
361164130
681024547
367374856
691525587
443185419
690643250
74041344
437691584
185827317
730473668
278645377
820426796
44213407
304854285
711302673
2851620
805473468
273700411
197017091
779882766
515551935
565956507
716999086
938445685
992112761
650120764
934691277
728327540
328315078
277911653
343285131
951986787
491658372
384706289
51335860
346592188
526432048
428899324
606733951
84796548
459221145
798885904
388329613
691294449
642818210
93816152
948412448
74060741
457131701
110520666
800714922
91363148
764318156
962156526
331007005
318183399
774804789
385422261
924562329
442202168
167620858
311862373
897283620
950939178
12700091
410729566
21861286
178229549
374719915
879812679
953408911
762687432
618666030
593247387
877680032
940456480
978069394
418552173
914794445
433176341
561081560
767048733
559740366
10655764
185546306
586705032
582061596
254284534
973667050
569079327
623894877
492709847
863353917
467400662
948400504
548910916
539917332
322158514
754322064
460288018
487364676
162489838
519462892
152331651
862240806
888472250
309364350
667773765
768405892
367901074
861410128
558747289
301422560
887698439
916751908
800690099
488952500
344630369
264259710
790566513
136682772
907451540
200402381
200771755
196720721
368183160
994560969
908237267
672183874
567289647
583725068
982285977
885437128
121647682
318991283
522247266
618972135
479070804
382445438
645213773
760801281
894502746
705626027
13247864
690338328
899188404
45152726
799280749
961390676
900220729
157051714
765986845
886223251
479108718
384099743
171808219
171873150
95960182
427075672
568116355
949908760
743994063
89332384
590685785
514396703
155596884
928754455
902593105
134755085
530827498
268867718
676036400
435326596
296960825
217318082
102141372
202029368
280731270
870572028
381869135
100852619
917417144
730362994
672336766
300319596
670995660
250840080
221857580
604237886
655128338
860523663
279817790
136841384
819491427
633560659
18703205
616140042
873692782
412006202
822704329
611320868
693537604
422505204
788204011
451684935
56280722
544293117
380290773
303742903
582921193
337848321
125917949
308974662
528300417
658870745
282198983
176250305
179452430
121037951
764497571
307539702
999798877
491858225
924451538
322494677
354455742
349162065
986435410
619020671
490124022
36147535
318517751
304809675
29713209
268325348
333340428
205612463
322465460
743574516
256660521
270992031
773170943
970660146
935438558
447145970
564234215
614012411
188245619
404142317
827714488
917200368
358004563
542307904
366753771
420693650
721551015
804921624
996367829
489549634
299154935
934569250
971568533
168747156
586675143
83982795
630811813
554835216
497222452
499804126
692083358
301668644
776147215
508980637
318471995
450483944
19516467
309886371
958231681
945719382
318730308
785339139
746221378
944580855
727273466
220752768
86932850
691698685
970102367
381401749
237367075
456075036
824546989
708578635
676993484
451138833
910367997
198589447
342847376
434529091
908224688
669179858
736800769
188434581
779811250
339329348
167457399
920133069
601265028
982987317
829019787
955358219
419320813
12575036
133890120
108960766
149052374
857978347
596262071
766375297
815350110
853519808
55848114
885058418
129827141
690999417
784305428
336747201
187821614
364011639
403041192
914514667
257828991
351008593
811217279
324033105
413358590
507617169
469080495
818851679
459389140
79727944
808224329
913909497
57145362
980885286
454608920
729599588
435695683
928175234
579000123
746850383
751596764
633157708
785987806
733047318
71538244
707252808
578627080
642736853
738451491
548455912
243978608
54819175
651531860
146062719
791543624
886025337
63962771
631651477
233108070
72662576
396214833
163410294
588646031
866436217
834551443
843976910
340410002
780337746
759099516
336841118
132135507
526035679
148466714
414802804
920761071
799461396
456923633
819339391
535412087
356263598
640116273
510261330
976912779
60068543
312808101
552355788
987239073
709552127
512941638
991268408
822127001
911317119
195991891
157469329
573243746
866731551
114009607
218662941
651834204
373904795
699885327
438135719
228026770
994426740
148339849
381762292
888024153
537733817
111007403
20194212
141431172
136700758
396214833
349838374
532897005
64724195
249490499
607365215
567203002
35646146
966137920
310614342
199128217
691507176
777812400
454817362
200332301
664307291
419521801
309248043
381246967
330441103
577275160
200186726
125922984
106389796
248874506
371764159
839788296
166817332
998218481
429803283
652311092
308415302
436889653
597883790
645212555
181608531
675537383
706236974
71503221
949016307
221274516
765749919
107725797
310198485
525780461
130632480
831172313
635848324
320134172
309118188
275404982
619546624
878598669
762687432
598158160
240564354
595456158
381838178
276560275
171064254
514685355
820685193
81421243
991825597
524996771
635503692
586571222
889397434
480494257
718195473
842863544
435551789
894290988
512883585
581612310
243920887
11305427
582218570
602882451
89411737
775677761
8466681
177873325
90462855
356957351
326020133
961964298
926106759
475301147
769628674
206769247
450524630
30684289
887832841
23996004
761540450
779371492
99249730
40426387
631877703
486031017
312646714
346961515
486139099
932927449
279592608
334738509
635802519
796479782
749515635
931601402
928454689
35372423
953354357
628282025
92625522
60449446
662629449
314064331
576544284
229868744
618666030
254976135
266849231
617006431
933572887
300897
797239636
552062230
166583842
11196888
814829040
776040731
68440122
388144689
805663427
357972293
266795918
389250314
517025674
780224012
173019549
799507272
897298175
566997206
851114321
659807705
134815086
925780467
539200907
997660682
749503888
197713314
101200970
729707234
244759239
640989482
770270013
388712517
973989171
216044240
433927922
773520006
235194070
814916603
52684809
355332444
551571064
828385753
993495928
37843951
397836188
44341157
799422289
417441332
449117988
232870447
989294875
875964261
579187727
411957369
16207645
523863926
250413773
656316357
202300027
277598383
217057542
252100011
421510952
158708272
750437019
707861464
937745074
864555771
920267721
120867795
628472036
306122708
782878280
782520025
600887237
976376320
354944362
116439607
180974355
998077217
716444717
950806060
836396399
613161667
239344875
265081126
394063652
766448776
353926855
586257311
605354520
50857009
397247683
100589987
418965828
467272475
88453160
647277372
970359755
55541282
431780310
700895521
91756873
961306249
974650076
571894124
824279629
468947594
625033409
625388713
733372761
348239524
454207123
399602647
201627326
343964436
5019893
455936949
714704559
339840959
300529217
228501203
115204966
747415918
450587272
384706289
812875499
895562440
666726610
284436816
946613944
31688512
797071193
770727686
292225058
866698797
844821644
112522901
636372035
776428492
70692463
972453785
849387954
362493439
269812588
321978944
166066151
836656398
103524380
754126214
439282873
152729111
376402526
407290462
468943169
586497688
225815665
592966825
908101752
607776914
184731615
893997321
41681563
163690167
645256034
737553817
983286970
195605986
912834543
776178493
887677347
818020110
12642911
471072283
104693857
294060537
214422157
317717938
626971795
404533273
569015754
719782428
222427648
252895446
745908546
759913906
614134727
999921512
307023174
862577366
222186494
535226759
75888284
205177997
478072694
278905690
514475179
388895213
449486963
896090556
305551205
762386971
48675482
368634300
808635424
144743520
986336430
273708001
734264877
150323444
955286738
414377273
790237610
195322408
404779839
257025566
946024718
246056225
558378903
487450768
325536804
336661037
932370017
305861765
21237360
582705294
460019782
148812397
535635346
286764205
55840985
2769033
311558375
323832230
531387150
962922039
362431361
381236070
43756716
730966613
923849550
795208
275857955
208570166
80699057
377968333
416160288
274864249
911658691
737034088
934282259
447022365
51056517
790248123
35262348
214200623
627576626
978879006
885655433
415854164
661051375
501860071
36482352
22266794
580465531
295250987
668712639
775009880
30425846
750036300
315860469
902870452
9446963
921599640
183002287
561362569
702797295
90306951
520694591
896917746
110957613
10594402
288893149
540957632
895198620
684563986
954885760
893415523
172003240
280644069
497610051
114626530
429030770
44626812
291155709
722081483
455330129
449101843
829431560
396038386
922348626
988620096
674710311
438975935
37480655
87500970
325524173
779189711
92691487
429247251
237272330
869243831
198169614
187059845
516650932
369256759
568863345
856877500
22002150
602529868
311041567
24813011
840258989
108313839
140856297
773767492
938293285
18887687
802549502
514724161
299696927
781495066
378820459
688912079
833214648
508634796
608530640
544260789
127128711
439778420
419550219
729022137
811839825
48005184
313251457
300129366
781526736
689038962
654878038
867952226
437059756
751800681
381699155
706396822
748621161
974858417
690913819
420643550
789498260
594471014
84894261
112501101
815056689
374989001
353297856
182349008
861416013
737209685
565126397
57986379
916984628
111244754
124017978
248122279
934775858
900601331
602606670
1487311
978545189
377819845
114630533
804036596
413721031
762080443
397035788
599054065
91496290
97760373
916229828
21529205
198168241
901964668
415629197
113501862
224141336
332895568
260278233
358824980
391580098
708014272
411481621
763187879
966305473
11897117
738855142
291422350
632741731
262520744
629601340
818828531
31067787
843591832
660795332
645262384
420632774
967958791
112609744
503768183
678164807
86994209
868848885
51747428
1964727
46749885
184356266
997789061
75915636
188517851
127294460
795036893
165833607
206501901
899715525
746929879
699336657
574355977
126145189
817394935
763605903
879355605
757160896
831458888
449577858
368108963
862319752
328412345
518722343
780082149
919366534
627519172
800209520
268551480
464903739
387160565
344578890
702787277
12030344
382664812
784023243
522030005
954231785
277505079
628413368
978745791
616266659
923121223
577287963
223379438
521388989
701028974
527366350
463604706
373940235
96742338
898817805
403838281
681862968
681391959
582796211
645302879
274910085
407371323
626522384
619673865
666824078
155579778
971477120
366180074
99897220
867726933
899390744
442806866
53913773
720741676
964067243
252523027
219560286
352445799
172126076
481754689
263420123
582177773
757615918
823786474
568902895
121772862
821877020
583701726
229683453
105870905
242632295
640516622
486712816
742156298
394480838
695732619
247913008
385427307
210130631
541547781
857020649
918753767
553193808
593610699
750660793
524324126
776909130
200001089
10432105
238707734
364382609
117626551
420930313
849486974
52519561
80241426
85831385
697488178
603399219
86414508
857573478
706766112
937166157
409174691
177045113
659907523
251286718
857950435
880814535
706240822
461493940
688095826
254670075
580319619
362522618
132034994
87090030
388486186
650328406
266802617
381590554
185033740
240220931
475047401
146815160
635475389
497557658
506093752
828790419
910405979
543716152
827448413
482034450
309972516
504128026
660473386
909436115
907626342
919247860
128009965
767753276
887521407
206953435
695457167
429846292
142997101
59290976
670305081
459686714
234469493
855807004
448698760
441234728
843081040
306259826
415511278
558060483
312255332
961214577
243753982
313149747
956572586
988749522
365702064
273254312
725350784
393802933
134991698
231606765
326048325
612671815
146319015
304422028
778735479
553864910
220473122
497362631
445656412
841513304
205088955
5632613
424663560
439697394
257979481
409887293
991302780
671837939
637716261
447795829
6928368
303029216
529584785
947670169
267847277
691571301
941612748
755143603
17080878
859709650
208043981
888849117
707074616
22209635
730712855
330658525
298888737
897555958
384437042
776875391
41691882
654824598
997203759
230256073
739428424
231283749
714203071
322710107
926291199
653870835
791543624
737034088
665338023
479822512
36496053
474326416
239596003
966823281
688647669
617259255
902762031
702952378
102123045
124120709
215053648
464865448
529798483
254127709
262059978
595261166
698040575
824870230
284219128
593960884
881475972
395111602
18575570
250465780
855082720
503398320
766826189
268400657
53372411
717773548
735128649
95728792
424871735
664840800
707046000
740205671
924137567
113804141
937276595
349319483
197944362
866060224
483991076
983735285
330757475
478048856
816339024
838917443
979785402
654954208
285288169
902053004
758777505
640916759
127279461
744984241
75783138
397611231
774757541
547498237
83836814
80644709
504710026
717860967
936475318
48946602
307672027
170938977
933440651
62589815
751243409
216722133
4484964
689503223
364106427
307621307
875240837
331832917
241627066
472578150
373599175
603569200
778267240
853820033
391444984
684534782
911979447
887753435
119874469
46020327
934491820
965510365
682042389
194434449
435852727
664176171
463610034
689828778
310047531
399145619
887348130
27358194
357895984
194710496
591215075
888090594
721109607
627903093
799943287
936906223
123321804
133507189
355560921
701640810
722689744
515558345
405058436
380342638
498807846
691391454
440984277
523600542
893974867
459493143
450738806
116461999
483933949
930497275
919967443
423036869
897420897
782418376
770811748
460333294
309972516
394704723
767326560
774424365
570031203
398966943
286520020
26360691
914184132
711379931
702684925
484345190
346796754
752744430
413220471
131089576
939158270
455021745
821576576
227655611
260183848
924503499
37684509
587889405
331429314
522471343
30621965
824499445
309672253
906634248
613631086
429863767
370665127
996895565
827744765
608148823
254221547
760615060
740268651
769522042
178412507
414327132
496483226
292607604
677123899
360567881
281703232
513527803
79104001
577549282
248692478
808033790
799077856
18823469
239450825
20442959
338277675
666204937
236909058
415484901
812756257
213826914
663336258
449017386
290086825
706766112
435551789
53997050
599984936
107815444
912505294
437356568
415253438
692322602
177835832
289594051
363741356
339270049
525444056
949846195
878431353
867944478
856178592
707537119
615850520
740694354
301518739
696234461
175424319
654083829
344969565
453308517
530163878
612497891
699248531
406331906
885164411
529608045
307690412
674986115
901684936
62357436
379102887
537724229
875346055
259220964
755312845
773172200
810437146
353486410
260760283
348226208
506957050
83375042
939852926
225869092
162962089
428395740
654816589
192333633
995251872
886360831
653798934
86096956
944580855
827532552
449784261
477768128
582758189
813040521
935333354
626733004
495533181
493917870
567116643
280187080
57418099
878085914
540422756
413245374
872189
967981968
302852147
156433331
928433666
892100099
52911096
985735863
425107648
493912514
22716699
773576957
430919218
946586587
897848417
892744015
977098426
396042560
133092984
455606476
245553990
76673329
710478904
154993034
688239920
383807685
416714207
738360464
633210029
386649273
532838387
967822430
475271593
195926030
52944601
678906818
34589664
679790641
800120587
891593266
15960991
949491710
792351407
240048206
469294023
470838307
728911772
272231958
371981972
504317536
911905772
500573231
445016605
568735365
194955864
248217732
230235272
40358798
661998970
630943905
765805211
812416264
358066010
645783424
494734699
830999322
208391794
871834281
173619837
968269270
588485459
702403335
994894357
541884259
886936096
717532548
653587651
892592245
161859618
363591141
670997288
15192781
691851895
387254394
506010101
422994241
548375783
732089418
774700342
308660821
62215134
466274595
3648566
605312192
482905180
774787899
410341114
326273322
16303512
774446009
942541679
454698529
776909130
654672172
597484855
453328643
158475980
112036164
447210527
39263714
925145077
561437885
101664442
626939591
41881742
271555156
440439025
946168241
71016823
958407010
852596578
476507813
410415493
542052258
486769639
101510256
300673354
928559036
851194795
776243652
981335639
477795684
263722304
333446013
570844619
271340967
498163541
882604367
101912041
893547209
356756247
326198386
964211140
611455570
173249916
794343144
493153820
792144038
777224538
990272566
686508172
841633135
791162129
682510524
488202983
107419017
531048986
378522398
713757935
354894302
418924125
167921000
157260993
282635785
646333144
921415781
142344357
174835718
325175901
649948375
510300197
371482882
323216061
352740410
915281270
661610359
252167070
108207872
953152920
635926653
575292367
717336932
192482468
437783296
587497797
983899009
200618306
815865657
41388747
757524932
608871314
186752785
532031944
51654262
912680746
163628067
718893936
642722418
137797837
174117453
759091573
853041334
866464774
836423849
277969390
599189121
643912263
698877764
562724252
204003922
624472798
498587352
345107679
16818644
918487902
953378614
154779041
442691091
846413016
465545873
952045285
584002454
442093763
268400657
834327790
687933013
575942683
714739441
983124327
984093881
207171993
18703205
186992372
325323362
215139202
479554723
593137834
380821504
228402784
290986375
249834961
639420604
618473725
698459462
856908191
323089333
179808002
198290933
544324992
333765775
195803385
414442605
147101992
111436282
576196514
260534907
281293207
431610540
164672696
479677295
369098628
839635820
90161334
672546956
138045542
879283719
409163443
628092844
373222703
998411897
120250651
996936197
889809995
7495445
222563292
92474606
701483451
879528694
222427648
103730692
578588982
715969984
721944385
230797686
739751070
212601412
523190165
293686812
903472327
172738737
40846649
166981629
42745973
812312907
816406150
684201197
335789270
868388211
724470003
855255911
226663018
590800448
990590912
81222855
941477533
511334939
289736394
362379739
752796388
656316357
143866801
414206458
748253609
397878192
381919110
701855467
455757082
277034613
181168350
720119736
409479176
23878059
652657454
297116081
527722270
775677761
909702031
397722289
470679371
712965800
46809640
403407899
864211300
255494338
684678679
435890610
155756108
191664712
185467226
230265714
871762725
302696971
344004478
923849550
431200621
81028334
44086356
99008127
303116449
436856021
559907693
696472520
832760571
719533660
198331757
46456804
311504107
758210996
651834204
441086902
413747533
268946860
880652033
930149651
56194924
142172352
226376011
421496409
726195228
603628536
953679873
356744736
713709199
269752940
70468878
726431127
741188032
627828441
65505692
71456765
167841782
655686223
632877506
219758685
808933206
75696916
318020614
821694942
613543419
419235716
649860126
204488103
541299048
203941267
228710824
750932677
591598513
533448047
953795631
647732689
253869977
665853770
46228705
971581243
864266511
884286533
18732420
285606820
245783103
826882191
758364509
326781328
913766183
455809437
343224867
724304043
256109499
264135072
135614124
407693113
985978643
952818037
165830981
731648559
586779016
334454737
216982901
132427489
142395599
458660501
737125462
251805308
699340339
858563716
916963552
839276149
570905844
558527911
734397160
170994920
30712809
574419521
445661289
591679143
623482271
886998771
765883945
945650305
967501250
939484406
947199398
289299176
761960650
29096227
768286493
415870372
590384148
439734037
655850524
299384078
532244987
824793594
282047997
760258211
376924377
675469826
824279629
247617193
804432076
82501420
375404076
49351839
718905657
873683184
249935226
849413212
884625802
530448524
621411114
126987092
141453235
439479596
180814862
216985665
490387305
336594428
525732737
288153359
816954127
278053286
247211886
689542057
868809303
503869996
170873050
588097583
246914747
639159720
347901593
594698521
591285184
400913779
664155479
691476422
11303809
269468985
631235130
987255203
418186865
229134623
199071347
66765696
188757992
497502827
31320526
638062335
796104971
56755941
767470696
891634179
796934950
631231873
31598621
56184872
433098591
437872247
993849369
469563911
543854977
801446416
814731950
685152412
433891285
953041625
914654354
847729071
857405999
434247764
737359916
224729314
66371460
302841423
951384738
102531334
831207907
515140214
779480353
281925064
918487902
98325879
450495640
884412032
54614264
618118654
925640572
388568670
618357892
645645973
824921667
20908538
484438046
95322694
197952426
289546499
775129683
693803293
468616989
88065367
625326989
757400719
548647958
865081837
73738209
514446729
1030280
980650752
761760232
957144450
320758384
881952146
530701966
887629593
225685855
315301306
143689638
945764438
718106784
631049229
642087937
293713812
769242364
808182524
936216892
615562695
698533366
7198634
758866821
821975147
241882504
15350525
23393400
715967794
993128881
412787611
679993386
783618526
317811
166805789
926904985
594217359
69392112
273337231
890309347
241882112
287267260
288397217
929460074
676075868
477118491
242356382
918987092
442252080
10537919
505876632
983286970
473526523
143367713
677530135
415282983
893357445
809308315
722660258
79053960
214494752
349490050
275616938
974603697
421428551
397129579
207105107
803380370
727632634
132500644
338890836
2131203
19142755
954287043
827329138
490988088
922182043
940835964
44913257
727167160
168105176
540651608
9434393
123595630
515139044
691507176
199167635
244664210
213769879
88896246
924352962
473089853
738488913
969662714
322494677
534901276
215172464
484589005
438912647
869503494
225571386
470052608
160782625
497049497
325465223
443185419
556313672
520369376
382327225
701798991
272789778
153426976
868525691
707271842
989096261
389768383
550494926
27511690
721111362
109407776
767854681
624128899
129221955
121506131
511625068
107368124
294439545
569865796
541882291
721253422
623555985
875232201
29545903
188189169
777107769
378352061
484415411
664387424
675804433
40030815
873687443
648418428
964897462
868619257
425140961
432621359
218731655
560857031
116810727
725556728
311685903
194372327
57760919
944786832
953901947
973372291
380808441
779869172
992106042
900770055
315946867
527505259
660058820
229754951
453613799
295850592
244942518
870689906
246892780
667769004
221144042
369299165
197915905
728469758
54370322
832384433
332119750
793361425
535755400
349448298
548421522
233753555
549909266
307301111
704402421
292138578
303585150
156391155
827200166
50638468
169246050
537303881
918133792
39948200
114571194
745695911
786526936
120885021
506936634
872608890
109407776
17379417
993028309
186877938
360280188
448492894
775607417
362371464
811638985
6438678
731249144
704098059
523584239
650390767
904913578
721994375
4095622
178336738
457561004
152156086
142337478
52392469
997731267
772513648
962619574
374636894
729234871
530693035
886089178
562677406
162633652
9429857
320062994
973619449
46768845
891679707
146883549
395557503
912486322
370853521
459493143
257133401
778880688
226918379
576545098
240678328
442512480
138394169
40254608
188085875
184356266
977098426
208274199
398024925
646369057
107920472
211469380
72311193
394851189
110435401
341934583
566321983
544923290
26638162
488448399
312906557
73708986
83939137
269253618
572275320
937524852
832938707
127401884
538525294
570951167
549005035
578730066
377884265
801200366
511567146
408599381
476086268
448252100
547352908
303184213
68472241
403526183
308619727
47648673
483068611
701409942
959664993
930091356
185414624
217754498
59901130
407019775
490792405
548302226
375848927
328124039
150350550
998239112
299279324
865526656
553559574
95503144
936431089
408062406
845343445
633560659
568341336
326439888
484243007
807378395
768562173
731953945
526387467
415726114
744297596
878642958
160413822
184222069
909418908
18369292
11323700
72662576
981056685
956005284
102361535
938242377
990881415
235402349
500454545
516842149
28106262
987
612275196
761037934
201640449
779818529
934171088
2270244
534066068
4425646
615511426
678014937
174048019
311126970
636864338
639220514
469562606
411658982
49010399
384767888
147421643
591153715
350298111
585684208
562924398
834107564
812089889
462136673
77072711
811951585
76848103
540979238
82638152
155014756
804340292
700216746
940922623
699291851
627382979
186823344
838590179
946860126
564415980
645296597
354654413
793848031
205741525
228353764
476591263
707281265
439031996
359416334
615511426
658174967
580490316
394254656
29087001
202771961
56999297
965630267
890537448
678866206
263943800
611220311
851881413
48275153
113507743
425433803
959135554
598761851
741670193
471919427
48307504
143742435
692189833
379900296
377107440
729013492
712922813
427361065
54080164
446692172
394708882
63096062
840201660
913129781
832036650
844803317
672429042
957137606
198538310
782620592
543099899
16422149
328908221
994956364
640678986
63212182
873683184
532621734
429803283
960136026
95949373
810211612
524295194
867407610
625317345
959066223
396454951
441713863
819139878
406200322
441609805
914968092
386625892
915495921
603454543
960642856
62172940
326082154
329965404
854678756
277000263
279172562
206868018
229131406
55020069
501355432
165735648
487773402
192170276
405845251
940926829
334911490
51920294
939516111
462208291
711334357
458842624
316578867
796406815
277010769
726278079
560593066
457178001
858795083
847950335
884209556
886317421
839151784
469958744
721904850
325064515
61020149
122796233
776058484
517273960
242349402
242111592
774398792
757991784
12214370
764601883
489413696
838821876
76852506
229765433
18698365
911862746
88477216
943380684
883659588
152019539
207653659
949652879
365432620
43108293
410638849
479045389
455872217
640938651
35239141
659499364
346286967
328968181
373379116
28840711
825981533
460681180
337669398
257132202
571959434
620315824
255149129
605462107
5156987
462766708
199052470
147940672
177425887
514396703
917687272
400750022
835936854
20032067
952071609
609631115
247966046
608217149
984160610
633271890
985418259
651060874
641761622
566904236
727429998
697549756
242111592
607690794
16576392
776057102
868113250
977724032
690363313
263951851
326033743
832272721
110253688
792639145
739014147
361824924
939982187
690492707
847983199
834870737
679961055
497558385
8663403
156513642
307852236
327898802
610761540
860816255
827964729
261803795
813242504
303193490
65635415
950575460
664507470
128173146
823969292
309804550
126852527
932613992
804936058
675214678
436160918
392335343
755746866
15700230
640052581
585361464
337471254
594770919
416590131
55270643
258295886
965868069
331732144
984238562
175260543
421821813
813561291
290345522
457577755
291553199
414065100
477116972
824016933
442582440
701640810
467733176
971316134
671875239
295381668
413703039
267343863
635353470
489339858
227698
390523444
56428509
51098347
954823179
178243132
17194345
503622567
28840711
523125429
947074293
759891510
190058354
255502774
907437121
357076342
360309006
651068251
632105530
42071318
287389833
999244572
282635785
96192650
651274336
180024704
427083768
364559282
424747795
257425788
715788416
38834872
426770865
433386347
179718440
283870488
419896442
46203033
310687499
272057266
541279552
954664700
364170903
228799261
530076018
622697631
890603304
297970734
117128136
774653845
877992409
102123045
167519815
138766797
974730676
12190904
502253438
49192006
92323357
183097073
571600199
983764548
676005762
142235764
102500237
886600236
791501904
956733346
160327502
137491815
888950163
66673460
497913674
15901519
609455509
552669856
894572525
156717861
646179544
233559716
148450683
528055010
882172141
119404008
981851746
30207802
190124444
997552013
463831340
783029826
629046855
193827476
110208069
658791213
947551479
498234529
616634475
894910255
110025489
293657057
258985200
820168196
848486986
835223719
823808836
788484979
235000648
997789061
600049628
50841969
651293551
45472580
302852147
409131793
315362379
235196187
837967128
921339600
756897589
281101968
282205349
315033045
386967194
42703185
193428064
369994974
83934256
891285355
397094404
51997134
3153038
974068168
648417991
202772119
637036831
15671689
412670575
439470116
54964009
290315150
159208637
633536414
535964239
405357332
629905944
485707423
925211470
904021242
646333144
387747446
294174006
13247864
288448645
413005922
132679470
58266377
892296585
596461601
731406563
136020263
334867809
799280749
380843530
844529801
356772805
706078430
580752051
355870707
131131548
222661140
317415530
294311082
781859187
91766315
350254849
335975114
806483802
600767551
266350977
880592868
998526843
984185082
758865751
799836933
602151523
538397033
533332523
230300183
30463698
834323117
697346279
457737814
322494677
769414889
824421048
348027555
227954839
313782683
105549083
633227242
892059825
899774295
257920336
117567102
740814477
621551308
497358721
742340895
295519126
491132175
936022245
236586167
767077614
263152046
236026542
1692817
51080941
166121371
866985809
451861941
100069295
876943043
402635393
916693964
846000146
177703499
83251779
377915304
46765694
174670722
342751069
526602678
714554426
266759510
388392579
480340722
203944894
776832430
105701973
358403094
942997211
111106965
620218830
437532092
623255645
629507770
276752419
934095678
855684420
538164947
432410803
361795297
444540326
167042060
56846042
665271599
61311429
636027826
128038002
80861921
399305567
452563490
719593590
208988760
702377170
756798673
338787155
125761019
238407536
161477785
754138134
825540278
708339218
716830271
566505114
35822531
322730856
460142274
254629223
641352006
628877182
933202385
729066133
589113690
633410778
599137068
265736595
879528694
205255128
904441641
945106605
909150488
42825619
238645652
867725024
608797132
898956943
897969791
366226865
719418520
754307320
471615992
958499842
834581490
999051287
260759250
628689388
882597950
981734491
803886741
882842986
45723149
632304528
311346019
732820185
754335449
299312166
463757825
776058484
632208608
716934432
871786083
873551793
789710740
326226023
55417685
636928993
631645621
62181634
747220161
197970624
41388747
869014506
481383947
724039484
87893171
988108042
966755851
940348430
216531361
818014866
12293703
223036854
561603380
233530724
702107539
427422564
722777638
667035498
763257955
552367560
734230357
944136566
307605925
529655716
806845979
665151503
999262087
874225979
102426261
867744827
178710363
543238397
140543902
614056640
723478705
919237025
92412966
316263417
227757812
255663828
974801715
278962930
439701842
334516462
355459500
501526592
573167290
668794929
142125411
817884476
292898630
659043509
830625623
590265507
834287109
735277880
217383868
97088909
751289949
15420067
671301503
123754459
712182166
271680897
23403372
530893836
366679954
308982298
652693459
733156928
206611456
251563002
760172144
494492149
649615121
313125265
266064016
691271523
875245267
579876349
61132651
157047238
416346536
462127440
446349581
997849693
576558326
112209117
182717076
205483371
257418928
313971475
252876664
407907286
796875256
605462107
532904390
299873612
310610620
181263107
600261139
513196461
638175881
628472036
49673212
981344069
478082763
414473705
30592722
412141144
544156624
900037623
435501455
111794836
670701170
31773049
247970414
454849282
421113337
331798589
915359134
2676766
480494257
198445202
36496053
705867932
761244817
198338329
897213010
794433636
678275723
710471070
954862047
727261044
655539230
358739668
187074945
760363657
467705102
386184926
702053898
858036864
979177778
221724374
673036600
654940656
632175674
826457337
758578383
580169862
211044117
807839474
549055260
297820156
684175991
397776363
726895856
57131955
763197062
687111448
437568717
228119733
822227282
82225056
383121091
213166146
550194654
23393400
15872099
136566576
135532569
586231324
672647075
329332395
236139858
821764663
20982700
227337633
528109891
242088444
742290262
238144587
586386148
886223251
477155678
256505431
894228591
156171263
77880987
170226434
373940446
953368124
68864882
751265519
299017940
246572366
984673059
162629213
712066109
953172473
980188115
694564758
667686019
364036261
443836049
142342485
187421416
585052934
193057233
603262623
65624075
900567175
608823140
644295118
299017940
364248506
953829106
215334945
939178855
471377736
405720973
815517089
540675487
618250900
874342038
807839474
318936740
969313642
821202494
44063319
571528694
531007336
575439267
466993497
864386896
599129065
815711667
362412930
882129545
479677295
557617100
84226064
225009604
295775086
6021749
51718603
198576784
179091060
590764754
449957690
938997426
43728884
737359916
180664866
32949689
609841838
864174905
899669214
607833838
187558885
762026621
590717086
79205077
809301411
956984811
297754827
975102524
512563555
887291718
865337581
698094361
175644675
478042638
826174963
128034672
594419419
898006969
876422084
974260381
101629271
880341449
481527009
505717
346796754
538031893
439643479
821492464
674946053
442176106
49323755
265580525
452612474
249849121
781526736
32086864
233797426
522368635
486956675
907156629
487046622
148518167
630548177
796298072
961244205
134707587
50159191
217470206
25439730
128030918
609219884
572377831
75420608
572995540
760233297
716830271
603707978
887612983
685483041
84047501
446712934
216419006
975655914
795635393
38777186
974541848
664544950
578650951
944517594
136996024
620416109
187478245
927739491
388830028
244505441
705713695
362474223
690524750
431758405
316315516
962275442
393687319
756054553
319580686
308235803
965227713
370495855
847712472
150411994
301582358
585511364
488915282
96871578
203382737
838461971
342277323
653812794
642302408
462147347
137719394
920714595
54059212
552175970
562965892
675646752
173016448
968776325
446629834
446468052
466453576
136538095
95195283
195695106
740548008
355287542
22322652
703295913
670025487
57418099
471521166
964418335
333746229
220394869
295268504
310044891
55486112
242940702
228778915
285455344
155016698
977346201
825881631
872329781
283103102
533184080
806474371
358511666
14640786
891390901
563111945
705672699
966355064
690069017
88375478
39899874
560857031
367736091
167826891
216553525
138469188
582754223
82660001
807178772
524500180
814621607
505258828
402903548
655238366
191355228
519572980
530538725
327038228
321236608
207126984
994898280
734645232
718279683
960695697
298827919
624173212
202065768
184873514
634388540
549934182
403124153
771725379
762774125
420145422
846563527
373556120
450978503
188384669
641538066
896721418
37781057
604278086
93154697
894815583
507749210
21843199
141128766
185692456
482399541
113795485
799245576
433086458
63359528
863821678
512465031
143531546
750474664
613556813
395355733
506338190
849594924
611159615
774540362
778773353
707157573
524762542
779151658
945299791
698157007
866448755
721878588
290348564
263614694
303096197
255619157
682588415
246309741
974284477
760233018
481473790
586243370
481590690
923308613
829070265
492511528
870390018
362868848
446912572
611045416
437156537
866882983
333478751
15350525
582511169
542657191
644166220
901397657
782747017
394157738
113520679
113490648
141453235
947637674
808952369
685890100
270911157
572497230
177124457
6848066
184992414
590260884
766084027
719720294
729028875
326668614
33088712
995582695
943513888
380620856
716016662
79137991
109879700
259618651
572628185
701900119
590719943
249511754
546313163
752363740
965954191
675039582
650950072
506726129
116094888
691497675
359034384
119122740
487134312
672653968
609755956
939336990
32321007
731330761
215900133
689615559
479596351
47979388
965335208
887336424
491333629
517567994
616706072
268462103
756221224
223417378
420902751
201210606
677368607
142975035
192179410
390467269
976354844
125647464
589114049
238951034
653345426
401804800
680289126
564058482
916681814
848486986
266828635
222615510
331040665
753839747
982459199
161808671
23850611
298449326
870940446
436784323
74780791
157456870
677354912
645400395
491431586
841982135
408894703
165938330
226110216
545579894
189444097
261900452
882498420
649299080
443347618
653038643
988450035
270789000
288119233
142351178
724495131
947334868
712627898
864064115
955399593
676063732
210449780
159329640
916681814
465311467
224905988
364209397
31853871
679984676
861574601
861544740
639232417
147002975
295562191
233753555
762080703
454193119
744101529
776473166
546541926
50718904
238831440
585031723
690505796
951731141
91458779
239596003
933708968
482011955
823063456
36968254
804221536
429737239
457586877
950331656
932564364
53353179
775089369
946856252
840432517
3311466
291694136
300634483
977602067
750368994
163402589
684514311
250111519
428983602
827328332
535498345
371171597
180172822
931555000
689492542
50691211
969092823
496321477
272271356
569833553
852572205
342026631
763982163
386622063
727650591
41163074
11907803
909933068
290291291
635786394
402244612
995335860
772969918
143616885
259157566
900184850
962162090
100810896
54324486
577862119
645212555
15075529
117961990
376241187
993511368
136834087
816750284
491055193
971835265
344330544
489643170
823655709
86852885
494899612
388847461
929735255
901139805
982761732
469116054
476459683
145664341
548381809
923839432
719669802
612143831
483396176
257036156
83675300
616856908
140132656
41091514
849317914
260814562
700318945
504228172
778002484
510656523
131622397
879551916
66224531
870539537
676721846
668662798
262328957
28608739
741081439
44582841
311360389
81715955
480684461
84332599
372234199
247163782
592250890
45133146
284937893
750657848
152169051
271709737
774634681
272887508
505226959
904762163
730948
92240120
250465780
694020483
698638199
18066998
64436018
97142455
899104860
800294373
578242821
383998331
753906160
841201320
614056640
482707083
197225481
777434911
670330913
985210019
138984507
106988447
123025254
894004477
238611366
924852583
897203886
694337141
107585225
108606858
628313172
554812065
392324267
93211045
546664604
12255652
484974644
335938476
430551258
513746762
317391281
916160153
728907904
76380804
370913460
826502220
75344395
867050325
90904794
120946383
570350227
225086694
505496073
957593992
116053852
372582375
694053186
994330782
268365774
583010330
966154001
989999871
666407099
848590107
451485464
937576630
669257959
181341092
415877715
221824218
853609667
614651363
60296370
90806970
118843402
366285009
583460035
766463061
842524943
987702493
749487189
322998989
719815440
834950080
366967347
43790452
876513479
242541070
277939255
688519319
654117422
91988304
311359498
628651425
311723994
903815415
894286018
66507039
184291958
200500518
511952784
106834257
652105634
515871825
908009723
269256820
48143592
735159599
856291946
444968156
214877393
904868506
236809261
691253373
459603439
388657283
475534976
25191948
1065813
198754179
993440806
418924125
4622410
236617563
937511981
878186450
838908066
972399096
550579894
621858678
154456159
429959024
957646178
269767333
580149550
901210988
991831671
421510952
760386785
722933705
412425063
713624870
506143546
9035666
326997922
834480932
865578164
574503319
282896780
937090562
260758786
808438361
533922646
968087888
349994550
759785472
360979404
978516742
589534565
98153911
871766999
32817764
902031930
635179890
283319106
633542080
242070726
292471061
235491231
862321213
588430294
217855614
439462650
678867370
84194044
379746091
652693459
987046984
485141317
461720225
257153610
169762276
291069667
802547324
321391403
393397299
728160628
994330782
83365329
906824642
3102551
125092043
715470747
306346966
535046694
350160430
92063843
380441726
280509760
665642705
430621843
862804309
765411706
8408592
272887508
129472550
989886932
876898589
640703994
781968262
928669422
111914746
769905129
724021577
939653052
612376463
591888419
319857726
380769412
895181004
95700896
229679233
758434731
374990260
946397286
515150941
645419788
608804965
338959819
197978559
371808882
195994225
105692248
771055793
872449048
883110072
967867094
15774802
10179559
74811118
912486322
707280832
703428573
883286129
442173458
807234654
272856422
450725604
973018190
919615511
192826236
912533829
244177005
894717239
726250214
733607119
268145218
127284649
150860423
974967025
494432770
779259326
42993470
641309073
859890517
189551290
383452439
475548410
339873432
376555794
663901432
433318862
94313813
491514066
647393385
289608378
863540564
219845293
772315385
841630947
472661184
440134130
52768491
799279990
18504349
815039632
216337674
867402268
635231396
493163949
412944394
76763393
343552979
879886446
883179761
112399871
634359721
295508284
867253750
747357752
405400953
562331246
537339872
411903765
991291048
31161492
824156891
130587193
765230880
297654046
79903803
971508933
216398644
753874091
551404232
989944167
898699263
185516862
300578087
674691247
450950646
286369156
712922813
519182649
333981027
684702363
392879257
895462666
398124242
264911837
819228072
891355185
79080030
242476022
949762135
956871633
980257687
959856369
139803754
805518467
467487632
60781938
142821213
427951120
709166047
590725515
240564354
629190303
264247404
420201971
889745369
836579003
585227552
287044939
917010144
380306228
46672808
880453999
678916875
934101552
442176106
553319540
422868095
592677545
837910605
537056569
101664083
635885745
544009284
477013976
872768714
878264534
488512338
145516842
28894417
203059596
909150488
37193387
655065115
268574444
951962696
699033665
749231414
339430391
532048299
109630507
14984555
529218966
367012269
664673299
747968488
576154624
22445919
549934182
596331395
166613610
611100540
367361070
844198931
465372232
428335959
453530048
798693616
980479830
875996219
933386478
381801705
225200361
949802960
97115998
966275382
181734737
40223577
509290704
276865732
733754333
73473132
869185439
988693570
185537697
441578222
243515172
122788361
937042799
267258533
823365458
82501420
348706735
127246699
765986845
603149863
803303523
972419605
645337808
894548749
483742308
59362782
452587945
179392672
477674124
243920887
13014528
150529153
920841936
687991562
905829075
71968109
449019008
912397068
660029116
7461206
404292539
194560456
435026964
212893672
476641109
393929344
604691322
880669430
363222440
721794355
369746586
959626968
206085733
489047948
257920336
105639968
976253564
306456123
225869092
997924464
518490623
870328763
773084123
749125656
715921908
983675566
527485068
13043054
650904140
884700473
286188611
692160468
109591694
810283864
72521339
233577645
935183641
975216148
842680202
685430286
325551581
772368350
479320829
352948100
714091848
752108867
241657530
808956532
260758786
327687084
219297380
157949180
222021761
871116181
699825614
506142040
901008134
232849481
114061854
306854481
669477237
654888812
444508608
500922870
153231184
79664794
416978556
821290121
19540142
379693994
39832895
703415102
108950946
366601237
849063231
659530089
842614548
317149055
728139330
542339538
98631776
94085165
300517360
156262565
783663845
422708266
215578098
98625394
98313664
115567712
486155484
763448054
440936556
674946053
941739979
980650752
483809585
955366403
265164542
959788171
924306285
341050677
77693207
746611941
690589165
255126279
719794416
