203282111
392942485
722126758
354016354
161519006
654116205
927782110
380403645
136593369
341314397
726155439
782763111
704185121
540308082
52603765
424283539
849101331
101391269
974898928
551053871
902988397
548404193
475271593
208734431
948927417
558378903
170161510
65099019
254095962
279945021
448053568
904218169
984973745
812864186
690240365
284139392
167441788
621453122
150145898
450447200
920841936
520597943
534119660
947712367
709496802
188872912
225730482
596607890
759261936
359042500
962383372
467020504
611917446
525703085
234330261
613508577
966619848
983519683
72256908
696432212
440417821
990374522
414743762
352492090
73913761
190801081
512367017
451304927
650328406
432511664
497467267
93554955
67379416
315351053
690255861
523907806
117651527
160866264
660917957
212327072
694327693
246651251
297519084
254670489
161527035
200982637
222697016
79125885
314631550
808244216
654684948
332770485
116187193
866101976
24606409
212863727
742290262
38711217
70969554
432947547
307379668
655076412
322569377
368297933
703496693
938875750
84047501
396841681
525243766
690003426
931353639
178428309
214162116
507996073
632854704
54293229
386019202
322481256
579765672
601916456
41729856
117944767
125202253
892976855
638532786
102674617
308985803
181272398
881540223
640181011
773494925
653244845
367308764
655868050
882492088
391302335
632762463
601089608
507724233
984517193
9555765
604606789
244214781
153326034
406047589
714554426
946192756
526240246
205473836
90561786
704947755
616867371
413158274
255718280
505047738
12086847
560198023
236099669
522471343
298939315
949596630
938137356
146276180
778662986
375340911
566422846
850345180
633609479
270525473
433012693
436856021
312435736
210432923
783026509
609539597
333290204
33806981
264251277
128748686
488419850
285675369
944221360
59937467
2125745
114754146
612351885
10588983
101356395
308478369
338675604
955727370
859921161
205636816
136785223
667516419
481424598
833505020
165692963
880077098
645955881
389029710
228858681
850388003
887145092
565966760
409392524
387021397
767612976
459647968
620846681
628444543
976659984
514999752
978542468
653571385
36073165
840381901
451833708
688911350
988749522
926503953
583634639
246639313
497459812
949652879
508266550
141834952
870802963
90458988
363317056
295141804
492337742
651537808
537760456
828322360
917043580
63017503
445847942
12942012
39756916
628628494
551104013
422103812
977655373
147002975
251138879
225041377
334650068
111063958
244192373
318503305
707060371
981851474
245896063
609408980
373811745
379443787
28479654
512367017
203984769
566224792
130669997
626663456
387846007
745299108
504771192
529019713
854630042
820311035
650732239
907156629
982110672
929140661
742993978
650072461
312744172
553879163
880399607
459168247
558749792
777341228
879370834
770676911
206057965
288933689
344092527
190706257
170446146
658027970
357453608
237414991
704713512
751504003
404628909
397751818
841278179
970601941
40667340
854718213
472394293
90252306
867249426
744177020
440039293
393265823
793957481
114754146
975793709
914387038
580881002
802111212
383432623
704402421
909822137
543224267
966904579
924214379
336489285
297869430
459603439
537231264
723815494
436148788
606080765
578500482
297970734
242264035
213045415
134699293
402567714
548858496
19218601
403972056
508695113
889927612
501470811
703402789
769844762
869701618
53913773
648293754
132863811
618473725
840918231
353454558
860410263
677239244
54648447
462701405
529730210
49644678
861454884
69433951
198165310
78057684
276211718
195369641
104784430
659720624
499534136
6788209
846383621
595083371
703124175
353945383
565236985
674628291
742524254
217620617
58926763
497159807
66104991
315186494
624836533
713697339
653201671
278491425
265832477
723243348
922474217
254247397
280243642
389488386
875529140
943043306
50616267
98184205
173634508
480063739
320861746
283475343
395953988
338143249
103479739
890733310
55461955
892717848
870787816
438794608
39613723
338153666
268145218
576459034
656001875
244210781
523718739
250375998
190451906
241155106
861119264
813302305
31794143
584009512
104371018
333590146
121506131
57404967
371205230
653665717
385187120
903653945
788317090
28635097
149911430
7914894
346584729
542696223
162553974
23169335
970951058
913384443
945994578
141523040
489672034
773128242
973252926
701661118
122344238
102530067
951032601
414466102
821509380
406076444
514522295
586237858
46767319
813011195
624088520
931022113
614106997
150166455
935450125
334779965
62483632
138793867
118543459
843363270
626663456
527333629
662234108
743666761
846717631
336083682
79349335
618666030
169117546
174845817
300061718
525461445
192826236
186692441
600057984
885153987
480395519
351273526
174249784
473977600
427766491
757874049
343502497
562438824
928825925
690955533
790752801
521296840
380216075
430715300
939099669
896595059
770452085
232623882
408956684
87801456
540177662
490008131
43220708
55055445
256832285
91514702
735283685
160075711
125070395
718784731
618277476
904349022
390086064
926458980
173646850
733279645
798347398
705186015
502263859
10692683
119398795
523101003
870940446
111241272
998639258
669840737
171581972
561125464
962330890
271255794
674550350
713991252
537309095
350344696
232140643
426814182
644456256
381919110
643964116
365480942
78704970
967880309
524266736
392595472
18411344
947670169
327917327
387163822
168969822
164055482
276352513
199951246
289231774
757312099
284775566
841814346
673909060
636457544
363300744
391758631
235491231
767267053
89166029
628487439
960522482
240488700
30425846
880123448
678217672
241836117
162778420
354704958
24332984
94950528
135506901
983952248
566712762
695663368
49526172
941555178
356389559
894004477
528530467
169085898
277984932
128582112
904711882
719344205
454413592
787079274
657338840
111131641
917636704
129421553
935751707
231447632
863584131
693173024
258985200
163040139
701133708
303518041
934285691
804506893
671787770
957144450
479671054
625764293
116439607
816875781
865418759
738630445
527086913
955970863
188777919
822100763
883024939
623595009
865516120
252100011
957121620
445979265
137728388
502470395
583536467
283169536
688591455
559739665
846823907
322494677
906770684
314792072
627404887
403764354
12086847
562857013
397380599
913156513
489122456
697064252
105516091
618022960
14769885
163718143
424643512
591150224
818522194
180424319
638935645
808163999
729943036
116463661
553223583
122512827
470015115
802316936
409555116
924515696
919077057
476684440
315400411
376075709
609785398
635605627
800353521
593115155
670305081
520709172
180974355
30787380
748258599
333124165
209201483
723289279
136542007
859969548
516083927
428952283
624279608
677092796
832766616
19280238
907002465
403394123
316988751
147976309
917028401
165464340
879784144
276638947
32569276
678775694
274404051
189500351
263436883
468720885
957176399
138910520
932117881
272526816
971907532
159221318
913069067
540318802
535218335
929446593
548443310
44652196
484017261
557625281
308722883
601259449
896437020
677036436
666579583
542775153
946184118
622425326
794207085
723668494
50448484
62504396
331953823
19280238
762583321
575428803
903532436
619602091
861971286
307319851
651442198
745463860
803935186
31856632
673991699
128059317
857637938
401967267
13187426
948049329
47924487
707579083
877000452
556469115
815186699
57407802
47895615
830887346
758553263
453963641
194384491
342752902
396069035
297578786
465302869
443236578
345776474
712646286
962758620
640067060
597614605
231529443
576651809
700533875
334214643
992611273
527918880
923270567
858294697
531818341
949177932
624562545
990620450
365373463
611089366
448795665
165601363
776585441
780645393
166384635
903492072
245694374
763540453
101372757
504322467
361482188
382480975
701133708
900211113
134738517
985402102
239143193
166750396
337153813
459758133
454641381
686837192
141912131
366610553
82535521
774528601
382782242
190562973
69766293
845244206
244518231
10125703
971704417
368459047
114952101
613181336
531567876
6110525
758359038
378121328
970730918
786143660
749614551
685031413
263142416
31700266
840929196
359478403
572096559
849962194
735784572
330920682
718252943
982999161
645419788
842728738
315186494
875393895
251969450
576947152
876407885
82134749
378327040
466577150
481629174
991661849
139579048
528520581
301228956
793226609
624382429
281208503
355325946
930226014
781583713
298097828
91265056
360699170
446397692
218302508
961507972
424736735
82508334
895560630
373040582
745843844
614861532
875041833
185203819
665865965
388417474
389826166
648587866
138468576
538747091
109880815
251266327
747620431
227134078
683856100
964491015
406929018
325725049
3973924
312808101
348025092
836483673
911338776
105516091
954823179
931282471
141241479
856749583
443715692
349385667
884470371
553484421
251948716
923999264
59457533
858753744
549465105
108684805
272468397
850692160
467456933
570785635
691807829
931001462
861287979
660079120
145469697
811321085
921319442
511358224
529031969
286139617
304642507
522970049
509615326
540498167
282946894
11468388
421081527
740630539
16575917
559496682
624297674
460041583
303336262
128543703
241548683
293789128
72754427
565061285
604169206
262878614
770748696
830479560
229986137
168103252
162713892
749170237
758113008
700933372
473506738
616196472
611723795
807991801
56305323
124709229
20966377
417343049
154255993
114508513
490720402
105516091
926463619
440935771
847166632
321983062
615315807
187303648
35685576
711462027
810934960
736968049
225300108
345567535
892685937
343449836
351129153
98024707
829330967
392723498
20775069
614731811
12642911
859986293
197017091
482467852
55069619
644710805
66648893
147145475
635637251
506336517
769649166
283045170
202499069
924726072
730209780
65695776
809616948
32694572
576116298
788684921
356987529
513585912
390098670
984640186
328816263
12972833
786034367
528449613
361739235
15180501
849204531
645925094
202032285
46448451
64831845
843907122
792918940
313448138
84112810
612079813
144255933
700880906
81764181
952370773
717450539
721501400
435576332
459615406
616851257
68599217
170154547
539746199
143743809
304087648
2945653
250313790
691878090
553927618
915205286
167875490
844459202
475614887
328109577
619922505
519276592
320993543
377819845
498529546
216772146
703912709
931753118
152573717
9203847
593570368
2854840
244666272
917492424
659853675
746901027
80504074
310565763
995547294
795090619
485085236
753083727
778048084
434529091
21661064
533748472
167815921
635450176
500788344
202004194
141266576
980670965
246994890
809224854
339957335
501558635
538673957
269307063
163619935
379088520
135585397
47157675
556353849
485677160
443059334
467301798
881458308
182613429
298484471
13042602
770727686
27571140
651831460
76678701
353710715
117655130
43555664
953616375
257047306
806327038
486174513
501916358
681377628
212139399
79183898
73216324
439827062
430282241
824032590
622152853
838081157
389821423
704528486
349054284
45996178
411660884
693514921
283646706
810978394
647114396
922198470
153996276
260700059
189786936
909139704
268094929
69392112
707406451
945097433
858385858
181579961
605353225
32587881
594685839
677642736
645296597
59088327
467409104
791782396
626663456
669597469
577340755
159015400
699952709
754896109
925698207
931894074
735978598
3325651
394704723
959404430
219382736
904800531
757808190
279898865
632647719
643797065
660264205
903492072
663874629
67864790
233754222
621571564
886386078
552867528
506975173
830648247
318102753
321391403
274500323
618007338
29001110
366464740
463562111
546845048
140693955
771384038
720741676
653498306
364036261
567255727
619546624
583350515
379710060
363919481
745744004
76678701
660223242
910623056
701853793
953791192
537036405
285128342
372658006
39128491
943247783
359602768
250311335
878841678
208733127
175992994
754068139
490566261
749870695
678400501
955617402
723088867
301816934
502999069
268952090
195712669
620417355
126193377
930407670
539766329
930727758
100953204
980039155
718189077
719918501
318691175
922998686
991676223
598842464
994503207
667969908
765169249
772866720
865064081
758662819
978615385
526860082
662383006
516399601
590467319
648044171
497859914
132770593
930960454
607554720
149076619
605437383
510195350
121534899
469352706
705059160
837205334
660079120
909430542
409701932
959069283
896017619
214862729
528761491
488237066
892526816
169545753
377160020
358275189
645187245
169211436
174463615
737889502
910279922
980795285
906462930
735577344
968001825
495482279
60048800
427880499
657304744
172038095
341050693
371146471
472890491
423624009
981417770
415130188
761910372
721631941
834734305
467561458
18676515
807615560
756342969
394549195
397824696
959639625
472229872
575439267
416704626
795475897
1733380
567394963
657388083
463919651
262755527
434437036
145300876
521258822
897237433
354818438
302288997
831945424
646979480
656042420
783412907
972518974
445331981
161144149
760793302
86793773
392458125
202423229
559496682
185409692
91832709
368913896
526843678
207547346
899291092
673569468
22058697
570844619
173488608
983070607
173975811
684267372
286371412
374765606
750789467
233279948
206137885
209086017
88401901
202781908
983060222
129201689
961958882
212575488
506280601
633635659
508678057
4452628
750417432
94709822
508028801
115624294
976839768
796852054
530490433
745035669
197141473
955514457
556371839
808026597
733047318
231226662
855407429
944331100
514226471
995549381
70872970
898102069
332934799
67685340
628098242
272605608
919840666
836579003
15323972
897037491
996267001
241215131
782944526
813302305
515055695
122417227
852629528
4047055
625426936
307113791
338925444
33569751
865460563
11900281
218989201
480300072
984258718
862993296
883857222
942923237
652961636
437082667
52081483
121172076
720119736
932845640
900414725
634953685
145069378
765539848
927437691
260581765
896768612
51974725
165841822
823292152
163864341
681059896
805577112
843570862
734016661
896011113
176514400
933588464
400149298
780786102
63713521
450396484
841157250
823693831
288675599
33588394
629265499
787999814
743372312
870124526
662529384
958331517
111914746
844435824
138667382
997127091
326917586
321983415
908184713
656995707
470244299
154006749
879756186
163619935
428952283
755684553
496546607
404243231
474765007
744197868
678287418
973911510
428125772
216078802
355444846
637031362
131063631
742717489
138525164
960605462
916331745
611723795
2769033
664563951
277024514
132707869
664651275
740088692
552091648
952860461
278712593
825408168
480838220
947623205
147121857
191843172
794624886
838102591
843776409
661660478
918770832
944361655
700794246
67517529
872608890
264476861
650899173
367331417
313595832
863944581
935906069
282489521
411171416
174995576
860706008
180321634
626205464
976453443
227780106
941097062
552536340
100492703
419285901
443777727
814161396
896143756
477293731
478072694
422919077
790141910
716378072
717850918
163832908
87161239
685777143
946123048
415845304
786357437
759693004
681726527
945172655
955472227
259323857
366940981
722914117
753528995
532755249
358154194
115247007
449311017
181942872
443703288
342155500
465547578
184553482
830007568
308319839
648001
99880526
398169257
773172200
152236547
542411333
661377996
731144965
762997791
76747939
443613926
121777938
277527461
930987301
997150141
692406222
522261708
808281265
126097992
714932454
629606893
181303906
943805170
452204441
538201261
994959899
345850103
447904256
554314193
20964380
818942302
140201516
834542610
578132070
853911528
262328957
602119624
864611939
166350842
155764248
728830789
265351672
607069707
278531606
60892837
889452756
315305431
785305503
738080983
414099529
898400270
797373603
435865621
575839236
855407429
639076338
839510713
348706735
432178944
450706389
842256755
658565109
618375619
770325545
415445662
15775928
97565040
964416709
61020149
505788268
263923442
940770381
482381634
333124544
400256359
451304927
209622962
950656666
633572077
191995898
245911215
686837192
695092345
21485284
144214725
293035230
950898362
815515619
741732835
1342783
751354085
443117550
637962238
141169425
272180998
269468985
696898864
893348895
521920914
265352370
255722545
276960753
264299140
295558136
984299753
375335433
998501119
915687473
858426686
389488926
414309183
167815921
66673460
649867207
95728792
393787600
330840384
128042176
532904390
170569177
110257617
228710824
146333627
656488152
348533613
360621145
962972386
869829871
197674465
707926161
144380461
761064289
469167562
527784441
674062042
386188787
466337337
286303479
943094825
678460995
645046562
977434802
668376735
849857964
558377408
928909029
500192037
954402761
817454746
234680015
45874740
22407401
351536356
152276919
495503325
346944809
550510112
478132417
717206366
858228784
316263417
863158356
861350813
220727999
68468551
366191758
68553861
253191624
496487680
500192037
157074102
174785027
662139643
150893027
872169657
466424454
721104995
967977347
865966627
264697625
91328405
782019555
729877163
988536510
992466415
288137129
785511237
175188574
790356137
903084440
38962989
432379023
689951734
216089213
246002213
99263525
978529251
578628443
73529116
273659740
129827141
40715438
489178338
379021702
202300027
38392009
725420577
460671060
105498693
672429042
926232094
825881631
903368225
529986346
63268441
625317345
302255277
27638016
298572104
135598070
243365807
142077406
478386825
325315921
6949180
914035490
975077161
535864753
218654226
517580124
938990367
22779614
376090907
504317536
383205615
501042477
132713961
541639925
657686548
677213446
630226319
394858073
994609610
345427269
967069608
913689103
246188058
859632030
754785746
102674617
135508989
389280604
247997450
781151738
94644283
510735139
370116389
784598204
705626027
8787600
196817823
929918603
517645475
971621136
48282998
328908221
275532657
731919240
228609510
49526172
9597418
672333729
596183016
993094448
118014308
111401127
5010419
661021433
423818510
173657879
755803067
518572325
408425397
352358778
900897312
23617969
436120975
357421580
647808781
248804192
832045951
235915352
246987465
114281996
418099053
961604910
652827872
862157355
180874992
115717751
332865570
486138297
627516565
394157738
757012178
274742446
358772941
962402968
188212945
479870903
43068252
411033577
336094172
223029653
650604825
227599138
621430882
284599992
936689484
965820219
533601359
353340465
705795184
324411411
931565707
546803374
32418094
343733525
606410002
796768985
521291977
738464408
922410584
466434355
269008811
913272645
789820559
75805905
29884582
193363580
211017750
63762234
273234064
517025674
629286122
250313948
822770727
9806217
841335483
843646029
596004153
675794903
987924546
323573591
322788450
534416825
760562156
357397791
808239850
193281660
950669741
980010071
295662291
155625000
975206826
935301052
254845715
940835964
523391395
438666100
311442394
348317123
334723722
573721838
123462409
699336657
796104342
785470737
373849805
615375300
866144981
332062529
155754437
929446593
113074684
947109627
691573095
489385969
717659286
374902130
45996178
124924545
427787341
147412
259564601
736336231
438144253
536583392
61679253
442995959
943792245
905734283
550656477
632208608
769750487
344578890
714564263
303291669
708816234
37776273
986770262
250008672
729180719
979082856
771454893
136542007
725627791
654244260
294356866
743512952
291402421
332115230
158728914
476816484
281421660
270265195
11423988
267533753
404740478
449112082
419615630
908748881
372651491
357314983
3029210
448314351
481490513
298533095
900386611
556899028
240199502
239217697
148407477
671988375
169762276
282249069
912899881
280293724
223283233
55020069
357122570
929542820
894379509
680139469
206883734
452654287
900560844
69497115
792132159
23628890
636931557
767077614
154560213
230372190
310311859
370386482
538583748
650894802
730952462
436889653
156346893
899488671
419821694
256480905
509972419
363919984
392025392
817921776
536583392
963081590
543609840
826765414
296559669
860506937
236099669
66875442
425241429
454778700
208574296
916065701
714980975
966920355
933592693
762223947
463618426
819897176
454799576
530060423
262467731
315136448
580149550
198704285
510669720
329784349
117471652
309672253
42381421
71301468
563053231
336139963
728469758
833919581
888746010
145871770
151342081
883654920
538494356
156484298
518430565
756464250
776578511
498740506
972336753
357661421
202138521
192190912
255118617
781700438
118862749
355919531
942935164
739592357
322674321
299982436
89180772
222789753
807347575
779039447
206703021
955646338
251776529
557406794
519670028
348203519
241978326
606628686
819635619
278500896
833558433
696955869
657710409
794001671
727542311
411361128
76991456
691936834
623653426
682802783
737502506
999132554
916689754
198401916
899390744
896098336
365462427
316106447
607123487
653665717
586605850
550963118
192728899
810684895
590411294
407500455
108447358
429689911
85377916
599861677
533390825
738435707
737075951
77208328
60576690
344594517
881321211
851061082
789136808
496886374
396735751
660153077
134029955
698451080
250313948
917486634
975870211
817886101
4672558
43419847
401753653
593588059
676140888
839006210
602452407
733317295
696172939
452216436
797211790
39745961
197944362
61459835
247488990
991054311
392282218
640052581
217960995
687118198
172383265
443575471
506824938
867358204
405932409
259071145
126701815
856555925
655500924
908582405
932220550
576425645
250475385
703069431
756449901
593137834
987410195
780308874
57794873
992146755
381838178
668197089
685790708
664497256
807891346
759492893
981611022
863958382
628630353
521567467
123151626
994875446
518052787
634130895
170643123
411946381
832253770
538445313
904671815
347707292
556313672
78880295
22119941
66875442
988657820
86236320
512629145
378426858
629488358
545036171
53970679
2030335
595204678
155961535
629262739
889096660
766804157
555755440
810716855
175975356
385920164
997552233
71388485
524553647
299587049
690227481
739124411
119879746
874455809
741103831
91555362
412334191
789866707
586215660
710511339
160184583
780495405
444799298
838565547
92399400
223509786
647083902
665271599
221698185
926858547
782785116
161261773
449440850
542090433
932515675
798061732
214466971
66012755
79673704
752883949
837010893
776855041
223796031
567862430
574316336
781153401
79995403
940489050
38834872
466339200
270634602
830787434
104703598
238032017
433630665
692722083
107243524
405135743
503791226
690995209
804829289
654883723
726865197
114487335
156394970
669045617
771292472
302951399
358684378
346370013
228360545
977238737
205962227
860412655
679059768
269779904
986318757
229692464
518462521
653174204
229734951
669448523
583710340
982820738
83714963
468232218
205337513
920040624
643605326
93998502
670610917
453441686
877493923
316268822
896007037
7894309
141514251
674547274
704995929
110696398
103044488
254127709
47496736
420453278
161931223
385202828
479084929
541457342
780826137
682770415
596966213
996093832
625503401
401936015
167155047
351863562
647074323
48334599
789869927
300673354
214223911
929687019
178617926
468847055
954860585
920724453
339854326
500511370
216233387
72473768
352007641
116521811
67710730
667773641
192794425
177673244
757704031
377615937
101951454
74845815
743233605
776428492
725411166
701577483
120947595
893928450
168829337
275042988
764156425
322680890
372483710
771204050
774283137
406183303
845826860
542648314
403854443
900549460
590121805
12488956
909471164
512795559
665865965
666945479
597371082
827294336
306881117
219343309
36927547
141974129
396229740
982445092
818293832
64238142
481145914
651215821
271709737
748432331
107224534
991268408
166590628
192941845
961667416
993772504
218175422
915289746
825073409
739431634
277693183
628444543
282533686
112252973
933128723
316971418
726471594
203684597
777695194
595325908
611398049
678008422
564089487
548401017
176039490
306881117
631744565
538153587
749362727
10429449
375973004
535608662
511027108
65631696
656185315
175292275
473558665
832106747
725413058
432188022
304215553
320792682
3153038
795348401
397572288
314792072
684199922
736836668
817116190
384292529
489988286
408093751
331301487
389670985
707367285
232423737
579862326
312930996
587880103
760999741
416535054
226523996
118098986
84409575
824082141
195146637
627227766
532940213
803068121
650954214
734105967
762182894
495795238
44456468
381869135
710771231
703413831
755086523
289776590
356082836
236003854
345802110
256708794
842831187
404536232
260247532
913710804
965240750
557817040
905245078
716830271
178710363
631235505
173752885
904903518
806258823
896464343
561007825
639955523
505615725
432295587
305248973
584098453
52051526
467806178
797567903
591888419
817917934
117727259
90190949
77379922
841794617
977744509
974961538
205033876
675685
391716162
601449292
345850103
205428448
734148635
619012750
689721532
246996815
479609193
572434516
570440759
538753664
734863744
42255899
125276287
48667797
285678163
201675160
245718473
481590690
714937245
941805049
679134635
471976067
879822603
191746157
679929991
268551480
391775515
397276911
434844737
861019853
692916894
385905030
996197688
328365672
607485082
378237282
20583672
686411795
837320826
973255548
229591970
947636413
591360905
827978148
859285308
642903431
873631117
10179559
24420323
753967531
962649951
821518196
240378151
594471014
819813638
767054452
303585150
121713661
831970087
680649538
618730346
401145151
797189747
785995856
91363148
513304333
67468700
552178732
939678901
806209260
553199789
783600422
684234623
205033876
232029092
296370619
187448762
249935226
740488822
492767934
85760929
953276838
376130816
82201047
118440292
926750009
933739315
664702157
565287183
270766324
557506935
698726527
531156447
733761562
266882924
605906075
228723522
271713785
56576071
734264877
29736917
724021577
486462166
13889744
946570973
194184922
4276764
300726149
32909605
988727136
307720041
941258789
553840003
55475320
462857867
586386148
440533833
891385716
779877584
728219097
754995206
291501211
684219791
434513959
124401552
890282481
232623725
74708588
953960117
965232008
588401737
972322641
950898362
727091739
250003755
514135179
116950176
421662619
906525957
344171377
246892780
637943229
129033966
119879746
517929509
121917373
594881000
207143482
108329260
790764107
898736455
32949689
160231937
11900669
69714349
865468595
37125986
470214119
715222101
989731251
167593163
689090514
736255185
163112150
735082175
336496758
432768839
433891285
699830314
725266099
73408371
49181931
877046463
158123210
486628736
903223564
577549060
866951349
77926048
974564439
146794329
810661325
598688090
884780299
827040473
850845867
920716090
327852125
174209639
368890609
164626300
245817229
527263122
9893606
106688536
13956426
350207303
16122106
410353491
453980876
843388100
108012710
376764420
914662633
460491593
666894880
356987529
586243370
500523035
135648658
495867503
633102129
490086875
950939178
415876184
409617575
281033659
721267260
988105591
841335483
173142747
668179642
613042331
523716850
686991392
735399935
589693006
579876349
11391225
395631740
7956608
595631074
614856432
287325556
223557152
512468815
379101810
434950277
803199995
869396719
223557152
112144253
137649937
133471648
219250269
470707268
502357458
195208901
238611366
713709199
149428815
838525677
766120350
838527312
388938432
939987865
329889153
895212494
382995715
712367237
729612845
927556518
83982795
204488103
759311943
814121109
520832094
942191199
350968780
519629284
944810969
75508978
243555158
891355185
551821545
988807840
836311896
778235364
970265653
670911260
92670057
716781233
539200907
913622627
620611722
558396479
978356687
973308795
629307967
528029179
944300815
59088180
147412304
986901785
939878071
456862147
300557264
158748428
880273536
644400583
952045285
141974129
719986017
421132063
312771380
417825033
40242400
331919958
519670028
518170634
540478751
897887103
323890772
518411122
860642315
65498974
12086847
987104423
946399673
378215912
772845494
563594271
436696553
716907434
743141889
455680383
162377815
853811691
328348776
388022435
977238737
815680912
204302930
603221093
398711977
98184205
252780139
357699533
935650276
889638956
746310834
774572131
781508755
219342769
770231492
865566468
264419023
175832512
258743637
62074771
120929687
686714528
566594493
955113451
620729844
813410975
462039403
768062748
300529217
615352737
606145850
990904878
213768692
392595472
245802770
141816418
156821743
989294875
142514813
69858878
670330913
53507721
785739471
442840705
393100142
126419348
107000593
624816961
805810432
182904908
825736007
643770930
363573903
758497641
926390956
6605639
533985494
968284413
957188559
998242641
244792533
655065115
582604201
331990683
281925064
405358750
36331853
25735848
156843387
759451030
601890153
290882205
764664426
306881117
828576937
961658172
898084726
368250103
438889943
866448755
1562182
311535438
505950197
512876371
49644678
442220192
211218763
909630001
577553540
409893310
553574532
383534640
177183351
424398442
373411239
98323240
308872732
238125061
958823540
225895283
71344604
37965917
877530583
873842639
682842684
602210979
495410567
270604552
686649701
218671748
740134067
171864333
120575987
223585543
862039623
841621517
82482187
85701843
702551195
135381389
543626528
59796162
375078511
195031482
610460463
47020824
551292063
234114090
11475544
339889221
119286870
398265734
342509761
64231322
496602370
784227808
770729662
714341943
145032541
621694595
183664061
501417777
725956108
718032054
421496409
760978264
591830566
454608920
325363953
893465577
490417475
134222117
671513851
270463935
319425731
438252824
418675277
528929866
891152495
125690608
801286616
274764457
862702524
185696681
959103780
660946540
219922807
272961927
90574843
250832247
15436051
228252592
141682102
746474795
2676766
877408474
453276789
128217743
15611040
10091293
547666794
132333971
944786832
314063114
742018479
323048979
159461577
236387466
208734431
881529339
707861464
623560320
776097319
59058888
686238913
795239826
16488641
115472612
848955761
878690905
964067243
800637609
715001588
679388141
826174963
630665595
661400569
351200072
609982397
161049633
911690760
468980855
589216953
602060328
142521189
170037837
208848076
416641969
977288725
591394554
892781474
731944153
829472013
665939125
198648211
568559993
93990907
364384869
909612364
12679215
894355060
810612941
325311128
736773018
133753354
254105498
575317432
875706119
975956752
331108006
524064908
323533333
929836548
671175818
495533181
389646616
160626666
958666055
969909940
246122583
904599592
759336130
54215685
467928948
540666789
613037485
792223888
934248923
792891981
6594289
126490255
574977384
796062134
528455230
254140775
165580141
737288852
421081527
305700863
298182485
759147415
447020335
512195367
116665731
732464526
640229902
407939155
580881002
426886862
654130838
490368413
243464531
963554974
253838854
189449835
33163313
346817535
513848906
76235746
92268766
409450630
110577121
15824674
309422876
837370554
254504139
253634401
696105165
908383395
249240598
737086212
587817181
459789683
564295546
687872288
105840359
871239597
814571585
611069017
867726933
545757452
733754333
583947471
101583667
173577005
461777287
830334659
640098929
572088551
625426936
362775612
867693645
451138833
253757494
847174493
56068031
171508666
180348612
861115810
272620549
931307475
36814019
41487687
763481006
520051865
435686645
14907890
586130019
541169724
634835029
319943977
940691320
423809493
899355995
50172985
187468244
801051732
960764305
837425461
89792893
250822117
421614960
955513004
73665521
283186074
5288965
883651439
125129310
51900194
165422828
147725647
706558754
897075993
691476422
973311059
739260988
947964272
381320405
34
228627228
979785402
535232638
26343548
53951424
278363389
718315728
728763187
890812321
119767159
938810592
402125109
569746738
368333387
744613750
329934225
240659768
15774802
29023853
806171220
260723828
299888204
971915096
218502010
125693290
983020184
673414673
384483646
152236547
895201755
364360538
142486691
464410971
585289116
182078231
430467912
159506183
799761431
100163010
222265523
168957362
554679734
715810277
660688180
481752698
59952179
879584538
244198534
809736156
283443706
684306794
678260327
368411706
125070395
90921905
316362069
287506210
576033089
72947947
499860846
805106290
53928976
127961327
307732749
247617193
779124588
823637434
942847403
736818355
96845244
887918784
217964
917208353
648474452
301017991
968366434
87476577
808756820
714095068
90744293
402776724
24799223
264762063
791465068
845453928
225369898
34464244
650288953
448162213
873013332
598482180
545812335
408612050
595799121
735912729
806472661
314782139
600618225
36853249
585586531
908744282
848327727
91298450
56254159
157298007
892502475
158560581
13873393
939740312
89850856
608972787
21041213
434592739
464808082
780375193
200531749
188212945
12980905
880077098
245413763
10548356
856617782
941060734
717242552
551971494
476662790
159415783
390529477
377819845
805987977
946475699
506547049
71095932
592173647
312966303
674557070
967323044
43483288
624335390
8185344
265950143
918487902
63504535
15843368
406438005
437623346
676146359
680115653
734315402
628544075
815865657
213544293
14724490
112520116
703766125
757019082
612882129
880544512
409981579
475822809
538031893
755112614
626068779
515508593
374472865
603835217
747001369
357447595
860142215
672175592
554333587
788204011
103126317
397404874
412149096
87804587
595469376
359478403
21884607
556486844
524158006
477088519
920714595
359807521
187943197
542405251
954376151
114835458
893817372
464309541
188042118
800820347
210848914
858085992
916863226
207840707
564891641
955810115
79289296
770760238
748134049
151386068
445823048
514067289
650521534
88468436
489522278
493149536
918321507
234830221
924743058
585328955
125459594
909703360
616687716
300750384
938769397
339190733
270688470
624382522
987868570
584851967
681721403
929224320
521454347
38363304
801446416
390550175
899780253
779877584
236802898
565558869
413679735
306082368
371045243
694183618
227458278
223353485
872660967
605990654
607216000
305023485
810677596
964887089
850798301
263710869
898870247
369064912
941277792
103849585
697533094
100014511
841748621
68443736
487974380
264283503
226399426
970148322
799126158
721723360
738896003
905818790
962049147
354780483
310614342
554862581
243711566
777786095
113011054
27643648
973733807
637986874
805029556
167378153
623217239
396474077
109442499
631023879
931001462
459845395
531257256
274163468
250702382
228712677
312134158
154804901
563813398
780887839
3618608
419436296
551541598
60283932
541260310
406255310
72080853
467108967
734016661
210750659
568636722
588011995
132398940
39515588
100820411
507049509
132318083
465791889
482707083
761405986
559622923
487741999
176554640
854790658
348640127
293731966
659420552
309369960
213459660
808059329
901210988
459647968
809105749
593339537
567832413
449538762
103044488
393694994
825387843
152119784
251879817
239310493
935438558
718460878
646139035
437055454
683882181
693599666
958522655
287626355
405360859
980180456
5705248
506472820
428183431
260710595
624010314
436715739
215369824
604898903
358065664
254262238
969881112
45776612
441456600
461720225
524577705
966109628
54819175
676388558
306182556
69971153
79017377
10286921
606695935
894433925
530624618
688343721
592012348
152997019
119947287
255832969
343285131
131052147
284393164
864262540
260930765
983555231
629775667
295438985
767520401
904585127
976136309
988980783
908009723
739751070
900770055
818999859
359448134
44441950
553524184
223372497
960768535
727669240
906023763
297503057
450187686
679120955
602320476
606143960
304316320
749770341
772428104
935564158
696678508
618279075
613322083
687109169
971301714
259009276
289868528
322857391
67611400
621716031
102296043
959664993
236188196
780371733
22256457
767455907
44522890
199342167
807010143
91593342
641572678
968209937
47080593
152892002
850177685
814255356
892399450
79137991
464210440
76933483
419937608
876345402
777463487
678586532
971338729
65471
646015091
597455134
737605813
187965831
796597008
651535763
572887527
350062970
211273558
937812482
98313664
146868976
379914463
576519270
327506976
763152017
445609262
239617739
883477217
83471974
845688689
348947780
12293703
297287606
62350558
816548099
312258030
945763903
628005408
958456391
535580635
474881315
343964436
441891228
401166399
154498336
52789111
820033743
582754223
874840815
863618646
713839085
489626115
980665064
721595145
184352700
118066974
118487454
161527035
523622241
653445392
77380640
675286444
403141981
318837391
632766024
906896533
664176171
502809875
547630809
279843097
607287271
62335792
58980249
469925539
892338211
667357496
345387296
422197552
278746769
718772742
814156904
536010627
606670597
523701018
952541751
569640386
173255920
367475999
824631665
353484841
633007917
796559015
959388612
532652689
5150356
230365761
564285319
350308188
134631091
719324717
842058906
474363043
831400147
810432824
310005044
545672915
876178109
146492757
30494821
72983879
562543445
146882736
763790128
883268376
476028156
820159134
153040319
646411402
352209054
323780720
742340895
132819277
641612564
600179574
358869042
712443327
891504388
977296953
470112857
952683816
508885194
348640127
333596442
803093155
139546502
994812798
638501936
228050159
681837355
464141321
954048813
668227843
80658430
995064653
416728581
582692755
526663083
761602945
128034672
473806268
923368207
759082146
209086017
45536945
86845903
72043361
94155582
158164765
165662821
999593886
189296125
864294166
88647681
667168504
408401136
738414960
196375195
311422235
8625
26758842
445442317
493836347
479882585
621869134
304378748
42119074
55707242
391559156
941975014
452628464
90252306
230692712
489178338
742098554
408137649
682492079
903371047
291901976
466183117
601639943
564003523
665515173
96589870
746472862
363640833
447305812
548544374
572644702
326512390
108604620
522638856
30494821
538249742
49343315
698888918
316249537
739665075
333575396
659575158
889452756
314263529
574879081
204138053
24097467
635851990
816664796
581052088
185899335
657707002
565933961
486492281
604569132
572669080
745251420
421062629
534728164
825274692
442997676
738174178
785156139
724112730
100591678
76367734
301564342
299258847
590319563
599566680
146673303
451861941
949320780
340036731
743595944
744702762
268609157
537401060
270992797
895325973
94340578
990316656
611718105
286852138
797385150
672668569
421429658
625619707
170075327
947228940
247911861
80865427
206023519
158148581
405951125
116005328
321321154
285845803
595435570
223407068
153564507
134154179
523190165
459449763
458667199
672932939
204557866
104517223
684563986
285882283
993824650
688912079
269275962
764497571
198080385
809711637
127904834
430321206
383436308
815587828
988262057
534106399
869977399
874283488
778222609
413930761
753151139
460394963
766753027
504574167
556126393
373108156
689734704
476033410
379746091
180328033
318686957
957546983
187249720
711739705
210807001
300671240
959319018
939402588
474054067
153622408
835700423
306662281
351905690
729543029
845023984
567792196
246900759
155337346
223509786
14907890
611695489
262385633
842669802
310560392
923999264
905934129
973099344
9984341
531962232
60723703
128736514
44661395
511732510
445876405
232677307
163524429
352365343
25511062
434115427
197067625
108377523
654388669
846404679
811213620
175688093
97281051
295657907
777552218
922481524
938621171
982750506
963855644
795393498
273706500
236909058
342026631
695953838
374602486
487831981
404494962
527265468
268419259
558922457
91363148
584664825
121112902
362261527
960241310
336712786
247680584
134371812
580805948
42321956
747892273
666308492
307507091
814666425
412836551
922637265
44709514
944865621
435778203
748324771
907745750
480362641
980664863
79188894
846098142
646143008
622954295
608939497
997308607
889452756
474475199
576453116
400446970
518916129
348085249
13131669
804936161
351324077
965868069
252966041
961105049
98732888
16761643
210955371
763915509
381540300
933628400
463637244
210802061
582926073
958327642
358085235
498130214
366610553
482543089
424643512
460990718
404165336
769760994
934200789
45059291
308129353
405421391
916566806
494607934
205113986
973519268
871756048
469133580
897222409
981127887
533034577
404239711
582858852
497182201
847691722
166571039
247083398
200924524
277598383
613288861
193293188
992957240
722643092
544078013
513746762
504426825
657906942
573039305
120629942
448355490
145898733
820239463
564039987
493149536
687864024
385641145
705672699
455601617
444773223
201466044
571833970
840918231
118954105
741474502
88184773
72287000
405448131
409016502
542928958
210460284
792421206
418081627
44220449
370219955
938905991
66666270
584530706
877637858
223605728
993422525
490413107
532649753
675948661
496698823
2052095
724957862
994776979
414649544
507555481
944802245
640678986
247997450
566023144
222969727
326993633
540667842
751620701
877092353
969706192
297427397
944638089
971419820
181123260
236638798
696974538
384734269
757307001
859837164
899170347
639334303
700783650
585400897
229151519
11990833
315798269
652347222
374131058
687014579
373009718
244500396
275623014
13671794
113621731
910647446
344476926
985639019
949966673
728828762
393930961
280501125
734230357
423856425
877680032
805442366
81796886
239674406
5500316
491458220
962761626
285575405
38642357
340265883
47878287
931722831
735355109
309921911
63727080
890465617
247911861
486048322
373001076
805663427
327761104
482257143
420539437
166050418
234313557
159396639
946389796
903838742
478347733
216997538
361252327
878416135
133902337
211762488
871202410
834761021
678015142
605391119
484734268
87268118
195064830
853025212
178126541
77649685
355860801
467096521
262631919
237240241
427434926
719503118
819962921
716507870
734870066
485215638
987148401
491400833
169437583
536350792
582186613
877270229
843827014
841461358
745552967
178978985
79321029
945741521
767267053
529084418
94207732
36919518
393482985
912834543
383830129
670050276
550331702
638876330
240214324
885966833
305145026
803334103
268989690
580490316
451890675
359014123
906843373
416803945
706495541
196933644
796913254
256277390
104136655
154588365
60132064
362522618
283169536
743585744
47218199
291510391
228807142
778635020
490127192
67559058
422481059
690512890
660436672
929737440
544591003
461551752
963976482
84030178
768408144
540630074
556446679
729324886
702373078
426786913
311542990
953753466
994536331
818624166
958128130
204593381
855670424
833260217
432526819
804551340
605769021
928849802
623857163
375186999
384639674
379429801
90780904
702107539
478015946
875902291
937991267
239589286
664831325
41591364
161533258
57927856
684848707
316263417
727366610
915051411
162713892
45709271
948810835
636320574
944764492
931114941
430693996
153381014
679250407
982133121
828629506
109874389
556040647
420194256
560907517
531740906
807279195
436937274
240378151
715023473
102879225
14147533
265286503
772297889
284763403
729638266
640549948
372063784
182283893
751110435
595435073
837281086
347257563
824259820
204302930
610199466
328770670
76553281
527353489
56713485
693817456
627832045
296057101
863150419
626789224
944434412
24629879
956723562
677642258
498100810
344906716
839731455
307507091
663282347
131089576
299901007
799175257
841873682
39500888
722266135
607938478
576186906
812079330
881721904
590651093
16971294
528594049
110213531
834740365
594560881
164067069
216083160
917918488
981734491
205937725
254236535
488302788
528444920
830875573
72456386
128543703
22779614
27113693
840381901
781153401
868959523
30717645
796212891
786851494
559270491
831210032
995749260
942636828
590419712
133598030
765883945
108313839
724462151
63017527
407907286
224568965
825769473
116323581
750932677
113644660
931119728
153025510
385021272
442017285
285093258
327702432
997710533
413493953
218066776
631514615
329542264
33432399
980022376
97281051
65702306
51174521
330575156
925325409
492417800
443936947
746489847
135986508
556811002
19185400
456239957
984271610
852184791
784358710
996930987
29690241
273561182
322635617
338428544
919058531
356373036
930200630
279786323
801070231
549908890
13429487
458667199
128735611
437470358
322449423
438135719
404536232
224775336
730776630
640361796
543356344
832535714
579677212
986556137
738693255
268817254
722643092
361321448
229400203
268021051
7181239
53345144
639897761
140282738
783071285
870084172
352358778
327052178
615041756
349912468
934470598
701981009
286080615
84133104
700933372
225178379
763777642
216089213
145154873
827365207
769415162
412544673
107742100
93254120
307177045
540324352
908014378
470052608
319066891
920714595
695484123
54479934
524356558
550704809
638605680
390881730
829472013
889727999
292734734
87676854
553144226
393565257
22603227
818648949
804919179
403407899
628117136
760978264
757312184
347195300
409735985
452164791
947637896
386536011
110262994
24818562
266233460
371819087
296789726
897084175
694713677
960797351
660734704
128412006
807888462
795239826
921029664
784293440
828854407
829472013
414115391
757473450
73724597
311079369
442747969
35443895
111982886
652100238
112235849
125273722
707255098
757505287
960444997
755292439
458875757
143916271
263923442
415487639
800701512
746316119
155053690
537961101
55043973
724114260
939492836
516504091
358868968
855598687
853163206
76260313
751006368
391074432
278363389
72115943
285372279
579088867
436398551
836501216
816195069
69723412
801035191
651318087
103035046
358528710
157391747
366865882
844577102
906147491
111202479
792612850
160086934
207002655
328620540
565468565
821304815
707248140
782858261
276910012
375216992
598164867
460624793
149682009
600735325
485778879
588430294
308871807
254139974
109893634
316985551
439719401
196275106
378352061
633919517
432775095
660507381
944176038
319247940
143742435
282786033
207611753
556524624
800133800
918852069
571488219
944253493
874441372
776157825
827347822
693972743
887247393
686683508
754126214
809986098
869522629
547173572
482612681
15451398
904374105
793244429
944863974
881861240
235899199
723717795
133228718
339177003
120278127
67978691
491742480
449091107
441118452
469745834
978182448
807378395
560904092
425670785
304201195
343648963
48498469
996181278
285689959
106237784
770676911
554281582
663502752
205700392
477829047
111548037
581522873
89616235
486703215
978246218
130574433
707572891
578962001
120236656
975295731
969701373
133018618
465157826
874482013
551497558
463102980
439734037
721236204
881181264
445964217
621170955
126759522
317317473
936780636
51920294
510676186
510209594
668179642
398516982
957343819
925353167
478721889
895912449
559964467
575242812
249265343
323378935
520496163
302815410
672178601
995549381
379554457
923314248
472028184
22868384
645437772
726176613
92609876
41999561
763197062
993622487
61617347
211634629
451353948
945268575
873775251
777406425
76792083
66529595
77747690
316030140
836325836
696230098
421431042
862897116
872212057
24018543
134796669
125792030
404266408
604616472
5328243
942041611
638970620
477545047
299345411
990572876
887701927
673740664
234163899
998968869
174226583
528224966
881292846
19597038
518841591
750344423
29495673
128736010
932843236
400804493
78061328
995504164
823046444
741097390
764477523
760114968
489195600
7125928
17199066
477674124
846794775
774633730
745843844
220611263
796855543
697844864
711350990
727366610
320935119
683822807
787531546
909940556
116334496
843556347
17547800
464056542
786887849
69507828
986049961
586934267
508102695
26757527
197915905
244773250
883769409
709666425
570951167
133556726
864783893
773704284
284388960
209296749
736206600
981696848
272211218
699897288
722116212
54710706
718315728
54701950
608979315
15057579
282796644
610013198
122472988
82163525
482007825
715994141
498295938
84938053
234114090
731669048
819548201
225204996
417343049
963252356
465142886
947150912
407371323
907451540
307852236
993867330
443250585
392217024
847292328
624692526
316771779
111763585
938644202
78970410
984283703
337818294
196002846
146927033
545434300
241867366
738114107
191315334
591055744
364164995
246301853
291416290
669606581
805663427
907968917
322805929
454635565
951313317
591104584
424510284
170952478
177182390
946170810
719752635
879136598
243607000
960695697
202149289
145058794
660133427
772513648
170652282
607617400
541261182
469404094
164015224
177389552
66710296
895898845
246368321
814035026
760705689
838779789
244177005
464654608
20687062
78644360
170675518
681330973
741205020
229891527
912638495
576195791
584987478
603700098
701520732
130798971
343788514
323943413
403945750
975792570
539425530
232652462
225036342
140184084
291383956
487191450
238376961
989189563
894891305
992445946
757070432
852312033
965213868
819339391
593958862
33579532
740777967
570499070
703263079
352898239
506111104
903181777
371943414
515768382
409682900
309186148
35845132
200551785
240173703
122678093
906149106
280173755
592351346
664205402
371594950
991775472
339609849
768611043
351912546
369714972
473840785
137416521
799294557
288448645
6636208
912150058
533424435
802177102
481169491
473566721
334581714
345159264
824149875
627538177
915029212
201778003
99426057
197540731
314203565
880176757
382312984
353909396
892559171
68277711
613667079
517545456
490988088
102165795
535513714
933306279
668969110
71623908
60057179
840016062
132713961
715470747
124984378
957626159
539936436
150848508
160314093
280352167
668841397
714649371
264805536
786851494
651537808
335262837
684601588
239344875
947538465
316404401
974858417
695611881
888960434
215317171
54003833
147356853
798942877
215776904
320806515
701444124
534738026
146679668
