7604392
5946962
5212661
5414973
8666450
9581014
2647849
7442673
3115437
4285853
803112
9047666
4006623
6059191
5277713
4196093
555835
5963639
6924643
8984467
7575407
721064
533253
9317647
9232675
3130006
7048676
433287
5205914
2548760
8883926
9340062
1689772
7158309
4300018
5369091
4669910
5603244
6446376
7690167
9118105
9336170
6844482
4504589
7719854
100863
6613434
2483111
1107712
7394423
2334165
587188
5536423
8369104
1630548
6235861
1639293
6104610
5674300
3083400
4515183
6195297
9365618
9065871
1887241
1033922
8918471
6407134
3273647
4180698
8000403
4301747
4797003
9230705
9530565
1223050
8426089
9709714
9280959
2466176
843653
8705025
7423619
9281547
324439
5898064
9410606
724354
9645029
3843861
7448942
2888312
4630395
7751997
5854617
1395499
5377847
7018104
4667105
6555750
6100553
5791246
3922766
3956233
84720
7145520
7063429
773761
8598173
5134684
1418585
1603163
5884564
5343201
4022491
3021508
7976258
611523
1206548
6419699
740086
673512
6919491
4495211
8370902
2616265
2276081
4690130
7570348
2840933
5767995
5732179
1461596
6848944
8596529
5957589
4957811
4930875
6489472
191337
1845993
9679083
2765267
5994200
1594961
2562052
2866496
1361806
3606642
1893833
1042854
4172267
2016614
5617435
305078
2108941
8347230
8944586
2274872
1590725
5962631
9693667
268740
6314281
6302530
4698562
6816854
2313709
9787046
111410
4592520
2464316
1304327
8154851
2311649
8174322
5469648
7717210
3116526
3226983
6717814
4496511
6445332
1530478
535506
1650842
6934766
6019245
2833525
6961725
4516894
5232052
5900800
3869636
5682676
5703471
1693039
7066814
3261228
1953399
554742
728077
5926742
8773741
1392767
7130856
7464069
7540198
885387
4537884
1499119
8577724
3777123
1121545
9759844
634826
1153371
3585557
712476
8772804
7151397
748984
1946554
8253951
2951467
6144132
6018797
3808338
1018338
8280897
3248319
9844973
3513248
6710101
469555
8426555
562713
6661557
4026223
3930781
1616594
2907139
3542733
1765724
637087
4515761
4225260
1444359
9738276
8498831
6586685
9133434
8941222
3321335
5566893
7309994
6717578
8531426
809453
8643655
9186868
4592244
3005797
2593014
5690288
1600533
793081
5787940
772647
3097492
1050104
6962932
859665
6462973
879812
53916
655508
9413436
1834536
3567967
5862738
1163304
27303
5159091
8023629
8613054
108500
3513470
6077214
5502328
404660
6336156
7720899
2420776
6721893
7195409
7727586
9995164
2024226
4529424
6603578
9801966
3575629
639338
2796714
7349283
405577
510681
782220
2442185
2131767
4535824
1732009
5250912
9778863
7573968
2565571
1938029
6341853
3232616
4958883
2305173
1168313
6924264
5639946
9051541
3581207
8674754
821438
4702663
7767607
7984320
5531313
6295430
1410180
3319148
2723327
2663088
1324600
821602
8051659
3349318
3843236
3453826
6215151
2925949
9362477
9882117
3030659
9536076
6271037
1891332
1105447
8787124
3909331
3098618
9081874
9001723
6779944
8088321
7920104
2718940
8013539
5321088
6379564
6446224
1749364
8351392
2840176
6335443
8246642
5617737
1436653
3823373
6419420
3943686
6105553
4904758
5076714
716235
6514430
6536439
9944786
3049213
8376494
1780373
2710457
1088165
9502724
6848575
4795265
4541885
4855965
431151
8385049
5839664
285229
6453093
2977796
8211547
6924518
5203330
4043416
9096080
4026747
8690648
8759994
6940690
4796008
7343257
4578005
7173953
3907471
2449994
5219910
1950828
309733
8950083
4989024
6383494
1578425
1867087
1956776
5456492
9387298
4840540
6296669
2583769
8573760
795764
1083956
9795862
6624847
5203717
6755689
3803881
2631692
848046
2089781
8158894
8930938
6080194
8816266
9882689
228997
9654159
3935558
535926
9886319
1823130
7809273
9314810
2057764
5684403
5146505
5590536
114234
7904068
232934
5810175
6456287
3782352
7892633
8580106
6587957
6784506
3909665
5660934
6497313
9541318
3648834
4061265
5053787
381579
2486990
8744932
7264710
7018976
6917106
1656215
8098608
3497430
8008745
4161125
3134884
4427869
7868097
7655803
2893984
7142986
7591301
419029
3011812
5442916
1508121
5824636
2819050
6393296
3770770
1209719
8411860
523515
5527552
9067942
3151854
5278271
6157960
169940
8585920
5701327
2171710
6675013
5755352
4800243
6224339
8710073
5707393
941247
4230567
7994866
6960657
9059459
6607225
6832465
8604709
5956300
8802411
3567013
1542613
8888456
3010233
8894825
9698567
4633462
329463
4078031
6447241
3189913
8117003
7243688
1164369
9696751
3054195
5227223
4389947
341133
6611422
7143457
7093877
9719487
4969893
8615131
4398369
6771603
5090577
2575632
7742134
2011675
9523195
7265694
8211547
2372397
3175463
5537774
2731141
7125274
5950188
3694848
8470065
8439805
1071712
2629349
5968804
4910933
3010208
1743411
7394748
7028731
7729975
4838728
4354746
1024923
331670
5051585
3122535
8234932
2069426
6655006
1823378
5551957
5307472
8358638
4103109
2709639
9895494
8067860
5545389
5995740
3579333
3156138
8585902
7377324
6090216
8294216
270292
3271150
2964346
1874723
9902278
9323447
430007
9861036
2976294
9012692
5712515
5079945
1846520
2191065
154446
2277337
8937215
9587876
4299395
2618307
8907144
2548455
6594225
621175
9800598
2253509
8200170
513875
4596216
3047835
3214510
6779206
4933432
876855
7464165
4012862
5198925
6426672
4882164
4413716
9423158
6401111
2884844
6266605
5084900
2188249
646865
60192
1737116
9470624
5551030
4042518
8175335
5321014
1523803
7431642
2902082
3916154
101669
2867880
5516107
6910709
5970730
7833479
7761996
5376269
8747108
3333765
693269
3172543
3122741
3028721
6524974
1127865
9114792
9559104
4034815
839805
5892328
1752937
8365451
1845727
346478
7557548
4147191
9816770
5602513
6794164
8585300
1056282
4358327
604879
127055
8627371
7877766
4558973
9270349
1105902
625701
9357350
2880500
5806588
1665622
1285282
4825174
609637
84775
6836672
5218741
734470
9982321
9662646
9647744
7507729
4119115
2773891
1888235
8831609
2249265
7010592
2886782
7846314
3920580
4646988
4706164
6618460
9066487
3310482
3072323
4068175
2714799
62691
3158707
2070751
3983121
1589931
4958020
1366094
8677050
3133843
2152799
6995677
9233205
1007479
4619086
3830860
1692804
5042007
1294735
1151085
6323484
3085986
7726132
5705317
2534923
4539621
2540565
9810291
455813
8212943
7794434
1941764
2768578
3769791
1541545
6734781
4441454
5200762
8868508
2107687
9414374
2034414
9410733
3457673
7622023
2883861
6658951
6378664
933532
8886358
6973030
1403110
3539878
3850747
9405729
893205
485631
4649815
1637627
7470060
7171795
1669022
6840463
9966311
5562080
4178644
1791000
8227484
5697885
4514716
8292171
2363353
36092
3449831
7674702
904076
420082
3883518
9761144
1588775
6620036
9678403
8201275
9888304
8799398
4571411
8808963
1852686
2211623
8666450
4628115
1684597
7509145
9574978
9516135
4599732
6705393
1947197
7119557
2557163
4498826
2724796
3179208
5349752
5646542
2332683
1292281
4142379
2213957
4384332
8278433
315029
7041328
9262731
1280671
3383962
8192328
7910248
7597046
3363537
4912489
5660749
2388837
6270515
9615284
7162606
6168259
30451
8485133
8029472
8048150
4405546
8803100
6093360
9275941
7844973
1125146
665627
947353
6477540
7676759
999849
6781682
2230411
5369091
5750247
8799811
9154943
550549
4165939
795381
6492104
3404849
9981742
3050416
71747
4079110
2088521
1085128
8695621
7333621
1111587
2012620
6700568
5909633
496308
5842884
2997533
1627443
1534170
356953
6085336
6600201
6639369
5081644
8983551
2446388
1058522
4633462
3506666
7968491
9925912
9340044
4438573
1083956
7441388
905096
6428076
1360174
9654230
5186757
4107118
3272256
7062667
7771780
8764633
9112709
5464004
9452364
8425005
7382323
8343402
7360300
2728815
9600105
3068737
1847950
3475601
4561305
8471127
7140623
8309291
6445930
6069909
3224157
7285193
1819120
3927257
2239634
7058054
9796125
1045370
1581309
1466534
736831
9322614
5227748
170083
206870
720978
8359327
2413737
9286343
919551
5238022
7549455
6632422
3652029
1005099
6787396
2088795
1506378
6520965
960576
4107984
2584369
8192007
7249349
4518276
8331376
4354746
8121682
9365618
3386078
4987686
4316132
5236960
5728195
3341089
4866892
1705247
6378776
3292818
3592581
4377065
9861120
6916663
1358641
1937874
2673088
6093557
3039078
5978988
7286774
2448366
6644690
819593
9337011
1825612
2900586
6646836
2389953
545859
6482714
8678385
9864083
9286588
4526858
8892570
2186520
2969847
6099266
4530167
5025368
1434948
4061741
5560713
7714204
7043354
1475837
4861606
1745643
1711191
9913232
909111
4363578
5867905
1217565
4866253
1385021
6187649
1177752
5402431
1561309
564957
7585925
7961466
1720987
2978455
334384
8628177
5134269
5941489
9777751
5441969
6388670
5933877
6701155
4282024
1055513
4581955
2713974
5579747
86037
8452751
1052163
6594994
4161130
5818751
7262499
4812922
8536584
8187599
7612836
5213391
1496977
1189691
9770576
5186115
7598385
4034386
217985
837730
5279964
9197886
6385183
7920378
1145988
8799687
5715606
2195541
877883
7355264
1177752
8136382
4412435
9383108
8985777
9103220
5504837
384142
6715679
4206677
8211081
1352993
7364814
9503869
8337037
6579683
2232186
6216262
4702230
62769
1290026
2870071
3654283
5179291
8690946
8778485
428685
2167910
3211513
4380288
9580637
2078801
7988239
1061128
9109488
334789
5050479
1871133
4127012
8206222
1260491
8734680
3107173
1715734
3998924
2057516
6684955
6586274
8159596
9084332
6730789
1262558
4337386
6995677
7127900
276302
2777931
5634312
6631248
485217
7326846
6856267
7275952
5691339
2061342
181589
794939
3969065
4439570
9644943
6075280
6603905
43682
4561401
436174
9285293
1829808
8075864
2310344
9265908
7184998
478746
2870670
594376
3491087
4789429
9021410
5296457
3118423
8671871
3090720
1100066
4253264
995012
312394
7299235
8094735
3977290
6187236
7057587
4038068
1699144
510175
4436013
9325324
8620349
8576128
7222817
3120825
5034207
7713482
6995935
6801123
3710465
4875555
6885383
3869297
7508330
3403721
6122082
2374192
9233205
79006
5495266
8454247
2930937
2017981
5133471
4025482
3306748
1428617
192899
4656948
8702197
7674451
844717
4802201
2322654
4065182
8432054
1865403
2670901
4334557
5865565
1281056
2441473
9707607
406487
5639854
6706349
7177510
8296321
2516370
723627
8086426
5201955
5264307
118632
1102503
2669515
4367556
5314037
460859
7201758
7885750
7472532
2014552
3348199
3317588
2510612
8929495
9819642
9160476
1738163
2062154
4016146
2483981
5191534
1472992
6190752
1540994
1155446
7205378
4392895
2320488
4373228
4491102
5947855
6304267
5664845
1881059
4904711
8496129
6870826
6354216
9581608
1043172
6107420
7941957
7776506
8974629
6767596
1659613
7368415
5645451
2054813
366105
9566527
6192208
450493
92378
4850170
4188930
5080237
4255727
7593333
6149685
6469655
2645081
6159716
7982990
44686
8912796
615897
8810413
6073502
8983991
6698521
3688085
9722050
8919641
1362917
2742873
1946945
1117488
7556578
7955083
9684423
7835074
3781061
5589853
4490376
3482214
418570
7093740
3167993
5726960
3783367
9014336
3617339
19048
4985183
1285282
4679002
6918367
8843894
9231421
3085632
8530110
1468638
131406
3792663
5470136
9406862
9562065
5245452
4072597
8332223
5121557
2603705
5883554
2282911
4951452
418599
2608410
2199632
1379541
2722479
470691
2448468
2152059
6697985
3941408
5886042
4883351
6270951
4080764
7948575
4524896
9855767
8521126
5083639
3327893
21173
3477188
3264648
2381359
1060194
7565315
415083
7966737
5438047
8539820
5383100
6044273
303185
3842241
8108053
6890913
5602665
8422963
694
9755047
7625821
5261020
7258292
3833927
5935121
8675788
5720581
1512365
1880838
4423807
7308165
1086181
8582681
4870902
6436591
1468610
217487
4438722
403357
8413545
5032970
8094204
6073727
1759153
9671827
44351
147078
7987291
5887825
58693
5733791
4107277
3383475
4401601
5861155
8804336
8988118
691901
6287671
2223096
9114020
6314587
8839340
4345904
4629083
1787274
7866207
9838757
7508670
9587758
3558493
7329060
7643158
7427070
4110846
4786881
3421262
2362425
3704595
1857997
7166540
6013028
2989177
6151029
6389063
3470070
1823378
8568521
2681163
3435643
3581718
7431384
366787
1433989
6873729
5710287
9228893
8081363
1460742
3410734
9693138
7187475
5790539
6424363
6124383
7530626
2302434
9479939
9599624
8506855
9759510
9329967
2744847
1948514
9856157
317551
4362767
6458239
5467119
1599206
9686144
2196972
7274024
2738141
8554491
6673746
6878772
8209317
4537072
6367626
4339421
9485750
4734155
6394685
4800826
776792
3383671
4743731
8625891
7087788
6497108
2435905
8539110
7336235
6372133
85483
4927845
5830297
9332349
3871217
4476214
8613499
5835818
1061986
7938177
297636
9988959
7430787
4458675
6329888
4392855
312467
8716907
6935183
8411515
5996363
2871292
8836033
6332570
4014826
8935570
1185684
1922494
8754623
4976876
8724685
3590282
7426158
2400386
4700343
6882350
8296513
180413
1933201
376191
9856634
393666
4191750
9538
3224633
3324111
2216310
7123863
7210053
4608957
3864862
6219587
8192696
7405996
7705782
4642262
942178
3519993
2159007
5777188
1638581
2182652
1435556
7006352
2739756
9499702
4926085
2279213
3404799
1458888
4459052
3586493
635965
8929320
7591024
9197018
1156137
9407710
6235869
3465471
6803856
7165701
213686
4094759
2312146
3928116
4349280
3307987
4474825
5300056
3295778
559705
9071171
9011786
5825209
6748439
7943563
8447083
6342204
7018078
6270172
6145243
7722601
8683406
1309856
450580
470814
6658840
3563969
9692970
8313379
8844325
1529027
303025
8993673
5009463
249605
675967
4109283
9889078
5433720
5074114
4325433
7522506
528245
2265364
3012098
5257723
1802379
303529
7444598
2331522
662442
4709947
3093341
4997755
9747145
6815431
6674450
656969
8018422
1425219
1205450
3524931
6137805
3451317
3038789
3833691
6297583
6083439
9991106
7320200
7515992
3101239
2525078
5460519
5211601
8720992
4484888
3476747
3717446
6099906
7417646
9241204
439916
4742764
7206832
7188564
3246044
2711059
8754497
7334808
8076172
5324035
7828728
7386761
2545756
7392179
3646101
5190135
673434
4478113
3214706
6979592
5513327
247524
710164
5471168
121184
9655732
7631445
2419592
4302030
8704294
9690563
4743928
1958699
8874973
4017300
9576101
561262
2274021
5203717
1745987
584640
6499168
2927609
2197299
1156108
6296391
3223783
1585879
3988115
7180587
9984666
8739540
3555563
2278841
9500294
1909755
1563428
6813166
9070725
4674671
9961786
309174
9804786
677137
1718582
8051366
7784369
5458378
8928493
6377842
3239515
2669610
6832341
478058
2026500
697009
7694806
4450709
2775055
2726850
5397733
8497044
8148940
4693121
2401006
221198
8390616
4055366
6319148
5453810
9074336
7165663
1989333
3952659
3228030
1066846
163470
8882856
7757466
4527341
5442742
6133746
8235386
2912579
301489
703531
3784252
5182628
6254930
5547374
9059574
5833181
3462377
8873453
7459733
1659547
5060419
6924593
6684522
7380583
9165658
641983
6863894
9855455
5644590
526401
2102418
1202279
3386785
7207620
1414511
4976977
9764033
864230
5478721
9548531
8768931
9913581
1694849
5736640
1250653
8646220
4373723
2936042
9548398
33638
7897007
5890469
5418173
4330116
5995198
174631
1374394
5349592
6727428
738973
2159016
688952
8395025
6345359
2104865
5568307
6122953
6267692
9999060
9189865
8776287
1532045
6140218
1646652
6731734
1734619
7518957
3273167
3035448
7577102
2282163
1870047
9387585
9468118
3204391
3648994
3805553
5753327
4363578
6151029
1299863
6809882
8929717
1479265
6104107
7393687
3948102
8835689
947695
1699059
4061516
5361102
9804847
4116769
2739651
3327338
8641502
2129611
9452961
6902117
9392886
8156182
7642193
6400777
5537322
4652394
9274855
5998883
5227951
1190275
1616373
8347230
6282735
1545161
1640126
8537945
3089752
1932104
8858107
6731686
5874972
3886271
4036099
2651554
1911974
6819092
9989683
6200456
705502
2380528
6787289
9268001
9891978
6276184
3672781
6523163
7091199
4864189
2310343
7987914
1521211
9943068
2815523
9718218
329679
8428525
45611
9825853
4404195
6280903
1690952
1491516
8087801
208634
5530186
4801464
8612817
5091329
2759915
699567
4168993
6116419
7119354
4941555
2799077
8055346
271144
9339817
4592621
3097898
248706
2203733
9952357
2653645
7328148
639338
5028414
7099408
319879
5334750
1724088
555669
7928014
4861348
2833290
5963560
6643610
5515603
1634618
7126559
5786035
5667814
9753783
6358844
9855805
7700019
6603169
4496601
1662727
9295018
8464272
601074
2887727
5890946
331163
7801621
1778445
1931122
5381035
6669545
4381314
7789833
3647383
9047694
5361824
8575908
7757466
1538259
1624379
7983714
2989966
7750148
7909819
5494626
3177227
8948206
6058818
44592
605043
9277674
7511234
761618
7131020
9480275
745703
1195497
1611933
5286803
7914975
6270642
9262870
3351791
3516823
4609938
402168
7214735
962140
8932934
6782049
8154477
1711102
4846102
1624670
37101
3249776
2402169
717044
8028048
9963948
1068662
5789660
3926636
1579897
8915779
973471
7971507
7067486
385233
3626599
584575
987793
4915
5295349
1874285
5247893
2063605
1153619
4431461
6808868
3231715
6555656
7784369
6603905
9452773
110426
9090000
445075
3690931
7451872
9147732
8462454
7148036
1101549
4874055
8301800
1183495
3387357
2592907
578925
8006862
5775930
8676354
5299283
1603654
8208190
3653873
6587808
6153223
9840361
7710006
47046
5056220
557445
6523241
9436144
8151854
1598626
7849453
2283782
4437432
4153017
7411671
4890934
2272153
770841
9456090
4429344
5991908
1327083
5535518
3408530
83201
1111674
382623
6339062
8555665
9145686
3880758
3003374
8191689
1581309
4701290
4427585
4147345
2984615
7213678
3186952
2822621
614961
5847009
3324247
8368801
8157375
6154834
1209624
8910566
9703185
9284072
391189
3004785
3770740
8569504
7853361
2373719
7990919
7131575
9641203
7937221
2420776
3598071
8938710
772647
3487559
5895565
2116368
3363550
3625745
2897158
2247728
3409038
4052330
1247643
7476868
8338047
2737478
2563944
7531017
9158754
9584818
583075
3179126
4227641
6812490
6052392
9168034
9363221
149072
4613521
9875586
9940491
1420807
7702387
8463350
6559962
666327
9275634
6961270
7811084
2755961
8163086
2646278
7252754
7570888
7650417
7011975
1355060
6459900
168823
7673868
8358095
5079173
5720931
7250451
5651749
6703486
7057062
9106683
1310561
7538458
6152213
652389
7578903
6580115
7231307
5006151
2658714
822183
4244106
8971606
4398026
6409228
2073991
5756264
8079884
9055244
2119808
2865072
6588166
2245902
1972503
9169898
1379665
7323941
2976647
5840384
5206207
3172543
7503658
8739540
6442380
8901307
8104113
2689343
6063873
8386816
4627885
1499527
1723733
2458405
669580
7788705
215795
1129038
6542470
6418051
3392748
3562249
6547406
7118236
7453813
657881
7108081
6176523
562448
5000248
6919833
7580708
2284995
9441932
7977794
6529067
2624867
7616188
1368828
3263635
2827026
4204850
6791854
6382567
1230483
1371350
1913015
8070264
4866925
4060621
346209
889457
9343925
7056865
9634441
5252156
7289339
5885743
80283
1366966
8371752
7187994
595267
3742607
9355936
1922757
792292
591186
5219265
958579
7187115
6560114
9257960
1663838
9048995
8400171
2538967
3001526
7881016
6467032
7600023
8560551
7207746
6298298
3594440
516806
1443306
6336814
6479025
7318898
6975523
5512047
7530599
1106355
3860438
2845578
2001319
8267806
7174136
5881688
8141278
7017744
9566051
1810494
4679659
8563211
5951848
884776
5439296
7738479
6017112
6695008
8644708
3539033
2234660
1491900
7665298
5437658
9135062
6119747
4996004
4667907
7037097
8368867
1190275
341877
1288682
9064749
1257158
1746630
2607487
5000652
7844973
2908228
2944398
1210219
7218628
1624842
4421613
5711062
2085659
2204746
4068759
5594266
5952715
2749973
5025850
4880257
9890112
3116526
9409617
9803623
6688287
2105696
4476759
6239941
3658349
156231
8216694
1469421
1461430
6204909
327684
3367022
1033333
1524855
9166005
2395555
6621088
3228150
479389
3779848
3750242
6925291
8113495
7641398
1874563
5652522
4053728
5602665
9405426
8250839
9035526
3746173
2291284
4433185
7372932
623629
8850103
6594643
5000135
9677849
8088550
5298973
243561
5174764
1965995
2980912
1744035
1513691
6848631
7610934
3757891
2881881
1300703
122565
5997285
3696599
6657722
4199508
2320488
423226
2723876
5445311
6957891
7704814
143186
6048576
3471663
8224039
917286
538060
9885877
1649952
1560739
6289868
7184998
6225778
9466015
3378729
7596067
5856736
5613401
491634
1604092
4456637
5593390
2806568
5499577
3947081
5667006
2087806
5196683
2857008
4110846
2360124
6796483
885801
5836225
3256018
2062268
3708549
9307112
5155354
5861817
4667105
335524
8995403
62042
7598385
9902115
801234
5600966
8333986
8297833
984530
2385544
6943657
749977
5293191
2574079
9175813
5626147
7442441
8998834
5414973
736886
7368991
10717
8126284
263770
8282206
7713688
8763156
690099
6497460
1328218
1901497
5252060
628649
8002375
6305715
4727295
5689591
6127833
3820089
4025880
4375661
6887383
9859436
600790
3971132
9341718
310759
108456
6350735
9502724
3955947
370903
1667619
2079635
9962342
1456415
2537433
9429737
7504304
5638092
6136436
1589892
2233522
2438047
894915
6586560
4427834
1116693
4251372
7961646
6184940
2060567
3082976
8037001
8400257
3059024
576961
9749243
814061
2263394
4543099
9772923
3405481
8657224
7086948
4102264
7393218
8301846
5690406
1928328
7778332
343866
9242593
27814
9052799
9820728
5850547
3067690
7712878
7966128
277958
8465253
2584445
8122093
4879519
6192747
402126
3023341
8943756
3370309
1946945
4614910
143335
6994530
4971792
971900
903485
6039915
2041014
3153322
5675839
9025554
859840
2522042
4840213
7545824
2930823
5873365
3337597
1515373
2822882
7096416
7240859
436361
1863597
8198034
9337066
649334
6659255
2547775
6237313
284287
6910038
6631542
6612339
9973496
5985346
4145113
2043221
1508198
9716666
9852543
6881931
5819418
1629803
8704029
4552973
26448
4418063
8759759
9686111
9217755
5385469
1196640
520477
5810883
8571729
8630035
5906968
1491989
4693768
1550250
4852073
9919276
4323049
7825628
5057796
4547358
540011
237940
3954313
3098125
7685122
2388433
6650351
8479414
4793019
4971708
6736735
4359093
9987652
2162686
1491900
1419359
6894106
3384817
7497593
4143016
4597263
9925537
5633397
8433356
8146369
6831307
1289782
299715
8768056
6801470
6394876
2927698
2573284
8076814
710250
6286339
4201876
5056752
3765401
8800263
6880876
62118
7103871
4253615
7953242
6594438
2994565
582236
6734147
3887457
109634
7183313
1697615
6795809
5932855
8359859
6240841
2057425
4015286
2054092
7892086
3641518
3450542
9907573
4897898
3909665
1055435
8875731
5235521
6952380
1259515
1312566
2147073
4727585
4775128
3044516
8557080
6395882
6138816
6339161
2982243
4770525
4539299
1535129
1867455
1981716
1782631
2853216
2446294
1941749
21173
6484408
1522870
1949358
6579914
8332825
5100028
5267868
4361624
4853770
3490273
9188580
5792822
3770857
5495877
5912052
4320273
5701910
178239
4303639
9409552
8266162
6816974
1208213
2805223
3543007
3670686
6189701
7349160
8989659
5722038
8267174
9605922
1351271
1352993
9778863
7692351
6387823
153958
8521678
7726936
2976294
978680
5909633
2345393
8768093
5829499
460903
1127280
5769419
6171645
5983655
3762230
4692475
9114792
6253140
9905772
2128390
7530170
1892490
9135987
4065601
2567115
1941750
4257510
4676463
9296390
3443567
6021220
7353366
9344701
1323217
3432247
3428235
8035738
389255
7560584
951467
3462557
5951122
8373884
1746893
3332277
371371
8724763
8339989
6683174
2327067
4909087
1839329
3682294
5888139
9538087
4108363
9628647
6721107
1605511
5684184
5191792
8322511
6380799
4954190
8980005
9093538
528176
6481472
7869635
1725720
9092621
2453193
4420911
7880271
1532610
9161788
1509571
6639551
2902869
6986493
4249080
1435752
4091342
6806207
2108989
4085232
4605015
2647779
9618169
4958436
3573661
9536076
9177580
7586529
2827851
4918407
9545158
8446765
5563273
8103442
1747113
718376
2817085
3947097
8715992
1323100
5184276
8024039
7357782
7213504
2620985
6021220
6514981
8405957
1284270
2910589
5693582
6944083
8097772
9097703
2227382
4909433
5990504
1197047
750713
4727256
2072420
4064442
9534427
9909016
4714128
9166032
47702
5126694
6768743
9239791
177667
4621703
9332076
1530634
8599421
2799187
5166952
1770835
7836563
8939150
1315106
4081299
3217339
9110782
1335264
7801621
1208581
344992
5191417
5782823
2475670
5383943
3924098
3459443
2001387
303025
3487559
791750
4761841
853671
5482383
7688388
6733145
2562833
8581827
4436944
9613287
6057337
5798580
8995059
6011777
827476
4226649
6763729
4589206
3562183
457264
3030659
5894824
3728422
8780358
7752781
6148300
5030787
4088404
5742736
9499128
706566
2295127
209366
2323965
1405739
5949116
137109
2247961
145521
9701041
6997288
637810
6759118
4344292
1225467
7840611
1590817
6056805
9513653
819921
4485634
5615198
6201454
534955
4529590
1019723
3092300
7506779
9275941
1669479
899970
5272727
2227770
3176450
4007237
3806702
9555525
4005861
9233060
9667044
8163538
4051548
6804095
5963259
6187649
4578005
8342498
9369108
5979676
4474679
7253243
6637615
3751026
4927861
4348899
8699253
8479486
5638724
9848573
4847713
9698861
4801400
9817116
6123944
1443956
9773863
9671884
7799358
8566770
5020228
8682449
2442244
8098894
5435014
3908031
4189197
3971521
6567488
210646
8338536
5211488
3490451
9288077
2081047
5268754
5949400
6998382
5779939
7556943
5797412
7050974
2945763
1696878
7680584
1929828
9156574
4899781
9843256
3088338
5160103
8948792
9243521
6457310
2063280
5185262
6123944
7558253
7885653
4423624
318569
4165152
1587080
838424
3456590
1479856
344907
7185587
6380124
9685339
5352834
6880512
7059690
794362
8796832
2598144
9044697
2232137
97821
1074839
2437829
5367329
9201167
3154460
1596228
3941002
2421384
9749170
838647
7224220
737985
4704550
8441184
192197
5652571
4980179
3744068
7672502
8865336
7169103
8804117
8580985
6039915
3033175
4380288
3408943
9680250
4474958
9371943
78322
8734738
7536681
8519050
3867492
1000636
3614326
8251993
1168996
9102422
9149837
2554259
2060208
7368798
923819
6018145
9248066
5555686
9367818
3527171
9576217
4594119
5585591
3151854
5767995
8245510
2040626
8702856
8459331
7424683
4076479
6959753
4766090
5956831
4604931
8663241
9822574
2803388
3654091
1524841
1549739
6827197
9013010
2323100
7762551
6868986
1795806
2817583
2619037
471599
8811932
5589992
2902827
9732688
9892739
5784199
4952454
3412263
1040725
3911321
5652632
8584916
9827136
2145871
6553631
5320802
8474634
6482224
53325
1552079
671465
6274188
4749730
9689586
9304528
6082655
2497396
9079614
4075414
1021848
5795639
1713292
4621363
303338
4439317
707796
5584957
9078617
3381962
2310275
299734
8816291
9424597
7760198
9400804
5646542
2451754
8673862
5098166
6230412
6932869
9442679
4022703
9262844
5113589
3275294
7182704
5128593
9525912
7094258
8611814
7860609
9732688
457689
2746833
9382069
3445156
4479677
3654775
5115743
2277719
2141809
8105190
8173337
5437900
6853783
6428599
3877862
185839
4478123
3995891
2431345
6456371
5441654
5124854
4216979
7579189
6042039
7396418
7956540
3732255
3473987
8551128
8357609
2818239
9525415
9054859
822396
4482365
163564
6825743
9771486
5396310
730030
72535
4814003
3178307
7056570
2652988
4439898
9746249
3366819
5502081
4879906
20785
3577974
3217475
1474040
6477037
8941463
7582231
9005327
2298224
6552494
5554004
4441501
7700019
5925655
5541847
2122295
7424055
4630267
2899266
5671228
1675459
7027971
3408275
7362617
9220710
7469166
5727872
5102616
9684300
1713292
8137626
9085371
5157206
5230633
4633380
1356885
956510
6475767
5005317
1024418
5912828
9957407
3151289
9355936
5923415
8815751
9421490
437425
1936017
2942107
3665455
7369306
1517429
2482429
5968932
8764170
3584114
847518
2010470
7275925
2451212
6005683
2693787
9784022
6104183
8554825
1561748
9925857
4308850
8612592
973396
600894
4061516
9646277
1784338
6973966
2685548
3907471
8705858
2455491
8861218
3589688
6143125
2451395
9804577
3945682
1864520
2803683
1991182
4579417
1010605
7663063
6092430
307447
6874973
2404047
4100980
4694095
1434060
9657711
17036
1659924
6417194
7061285
9284236
4431267
7023325
8975869
7837993
1499721
772514
9038976
6712931
2305472
2183742
1239453
7514409
4331556
8305342
4991083
5459622
5776723
1544426
6258011
1080780
8336538
233796
7139689
8993673
5472931
9163729
3882615
5134576
391189
2026644
6624879
1779440
9575745
9450843
2391369
344290
4665408
4862877
8012484
6291428
7437097
7647373
1299483
450550
5325639
8828547
7210246
5705706
2785824
3554574
3283087
8805605
2470993
9616705
7431642
2339510
3455388
391113
1915324
7558908
9559231
4750023
4252692
7574845
1922757
6802008
9362295
9888304
5589263
1251639
7462808
3702140
7534569
1629472
3728073
6844507
6841702
1852686
3447090
9214390
8099960
6807534
4497073
8356186
4419656
8622369
9240003
2189081
2419851
567440
7628781
5585896
7750452
5033314
8677329
6493044
6654735
9914105
3649713
2698345
4440232
6530816
9649558
196214
5090359
1612465
8499872
5634798
5909633
2451940
7608211
1096009
4163759
7444611
2700984
1532942
1526221
4441015
8526442
15597
2831849
5628436
2643306
1207888
3647297
3691511
6017386
3861612
6226300
5911315
6899379
8298135
8943706
8410166
2973213
5475986
8744284
3659612
3257775
2589617
1450677
3000419
8118784
8928818
8264044
3717713
4221559
8151048
6613938
3998741
3324436
8569122
7223870
981801
1575252
97756
3259911
5339038
2974178
6002006
3198188
2789971
53107
1056358
6101982
446193
1367370
7680815
2438511
2403704
1815011
2330677
1642388
9901874
8718349
5700859
4075493
1948752
3159056
1297641
8337984
3517537
8203112
4218838
9400635
1000085
1575899
2110408
6774817
4170741
1308032
4894469
7511645
5255393
8611232
7591283
5791474
6571074
8264236
3826604
8328123
6190121
3479171
4053728
1960562
802060
5538570
9049986
9280626
5898229
562371
3159114
8961664
8172457
8975150
3138124
5036729
842636
51020
7427688
3022188
8126918
9649070
2506796
3261340
5049082
330171
273724
8126085
8689819
3706006
1291780
8823145
627712
8811932
7160795
3320804
2966589
908136
9956428
5962459
3894396
834464
8553419
4128203
1378868
1520920
7318898
2421551
7661975
8309578
7460882
1581398
76502
4583761
7800801
6575457
5850295
9459968
3264834
5378918
8930906
8845443
5405217
4994984
4453970
1815458
692985
5029826
8567329
6312246
7984792
265534
1835238
6778001
844689
4018898
5968767
3808608
922369
6317365
1737357
5516107
2030903
4335347
8132886
9631719
1507462
1005404
882775
163581
5301258
5448423
1165086
9402689
6597161
6900659
5827716
2568506
245680
2530110
3686984
6851949
9539604
2932756
8236653
9694591
9956296
339823
4832172
943949
7112230
9914910
1509606
9425289
1377419
6550297
8492485
9794933
1720060
8510572
4581411
2672808
1200605
7049503
3469622
5458404
1637286
717450
6675326
7226602
5409151
9238665
5921486
9999766
8514028
6050645
8845840
2881064
6436449
9424888
6117004
2310275
131092
6705168
5646283
9623145
2569724
6653196
2004290
6107420
1755050
3307651
3468326
9827509
6296219
9541937
7278563
7313018
8142512
4393093
4617796
8489315
3254066
8811540
855195
3081173
3641144
1998222
4439570
443342
8929717
6331688
1696072
3345299
1864324
6619445
229576
1317230
9146855
2208167
7943898
7776960
2353514
3047286
6701624
7312088
8694888
9326219
3359389
6503671
7481680
2193227
6040060
226536
9330424
7250960
5617748
7403762
516632
9378976
4734011
7131136
5130837
1848278
690509
6896338
3855372
5460541
4300944
8990714
4494073
5302632
6923091
1055435
7339714
8576619
5124678
3050368
5852961
5023458
6513059
9961510
9077215
719403
3079252
2051596
8898601
1880323
5775617
7509145
7438244
5357077
3798303
8984610
5220518
5303818
4860411
1303221
293074
5852708
4316711
9546651
9230685
7798012
3395829
8162532
9620011
5502270
472993
5903020
3858546
1780338
2487552
4499430
700469
1665182
1875064
3126568
3789180
1039506
4316711
643781
5394151
3527055
2381762
1097570
3390252
2256806
718350
1517657
4053983
7403762
2973102
5719438
589137
1453711
4366811
6887470
7314143
1476432
9472019
2605842
9542048
6786736
3008024
1461430
8298426
9482825
4361550
5786573
1392720
206129
6514654
8279580
2042037
818934
164248
6713036
7685122
9225993
9220114
8638819
229005
4849121
171178
1294850
4616042
8662703
6483539
1616032
8098428
2681928
5053719
6965642
9995779
6562827
8157523
5876782
1167155
329437
7581605
1674407
3215327
5557382
1847837
818275
4087106
2299719
7256101
605043
1218498
6020102
4183094
4755967
4396052
5839258
5203330
9666789
1134573
6882350
9744229
3430552
3441856
7437180
7073708
426881
7780221
5819368
8663461
9510429
5071163
7835445
5330635
8062665
1318566
1623289
8680119
3858670
7049358
4001197
4170741
7206127
6898887
2597958
3393815
1262810
6268669
1314303
8138227
287663
9303719
924031
2052157
4459898
5719178
931731
6424078
1708759
3245481
1739931
5507867
8745775
1228826
6297255
5195427
7656792
4986030
5641178
5556306
1073022
9094807
8723931
623450
9266934
1006574
4725758
9749217
4680723
9349957
7788935
4012043
3450411
3992958
4896815
3411457
8944586
5227223
6327908
3927742
6811905
1218367
9043038
9737435
9179969
4075237
743176
9528484
8002965
7678597
3614898
817131
5334613
329196
8157375
4107860
7537624
2255412
8122943
5916990
3838460
7613088
2511009
3932527
1812035
3349709
5970674
8320408
3334141
8110631
7934799
1998787
2920873
1876314
9014041
1646449
4456997
7165807
2431395
25500
153619
1605511
5912536
943009
9251168
2689350
429994
3090488
7653687
1355219
932710
6935547
7376864
9821315
1060184
9279424
9129800
6360364
9079617
3405736
9149603
824989
3261313
3908842
4146468
3859760
4795
3666071
8963701
1209131
2812211
2344641
3162049
437819
4967025
4690130
7137540
3395975
278325
7730293
6808696
3282451
4229077
1569354
1926750
9362659
919760
9868195
6116115
895182
7805146
5610014
2679261
7122057
648489
2732689
5344178
4944781
426972
7880575
3321335
847836
5579147
267911
6742445
1007145
1314178
3692725
8701619
4229840
7769979
4172163
4334386
2516944
2003925
471470
7317040
7230502
5758429
6101862
7583430
765134
973473
6284481
5904808
8984024
6748564
3788643
4670249
7475380
2026424
8995094
3909665
7229800
3641155
4494947
86742
9180176
6535613
1365099
2273448
4840213
9948046
7850248
4021658
5685441
9404814
8377440
9250066
9004134
5919933
268378
3628735
1069169
2018661
4702354
4428482
9659890
8861920
8334271
7835722
9304066
9746710
9451336
3511977
451528
1376156
2546954
4413020
1560354
7950253
7052167
8943091
1697109
2258080
6826690
8964271
4090247
6595996
2874721
9377736
6760921
1581185
22662
5034692
9286278
2095332
4663284
3522484
6432699
6762696
8353680
7702816
2195872
5231807
3893740
248223
7856684
932670
4832202
3047244
2052653
8411739
9759957
8102505
1433536
3459404
8313902
5914241
6946296
6258011
9703598
7465069
8011898
2342539
4160337
382562
1703055
9271705
5529371
9194247
8039079
9161648
6444997
1584530
9833056
4185144
339907
7975406
3546649
4648913
9796439
4513498
1931767
1117948
1994551
9654984
3986121
9388914
1884894
7096598
1911015
9842655
7071114
6389054
5633923
5334513
8112343
1956087
6946296
5711627
9429214
3453257
1441682
1050063
9301856
1083258
3370494
4780036
3919039
9177580
303818
5970615
8012517
5803722
4897153
4525786
1668976
6544117
3796479
6385678
6248676
6104107
8495760
2830793
4243684
3646320
3217830
5329283
2099357
9647701
5390529
3618094
9672383
7480092
7854171
2216832
1096926
6308150
1790754
3123190
4405916
5004169
8448169
4866922
389833
6849273
7141588
1964340
793090
3978744
8047676
4082852
6313429
5925920
7976666
9873014
9357831
6562570
8013343
5240022
2238069
7607985
7443563
3121675
1230887
1064418
1330889
8401809
7298107
2084548
9669140
3120679
5979101
3002469
9985721
9109488
1770491
824182
5688567
3429288
7486065
9263516
3942373
1697583
8101143
9727770
3521194
497814
5974607
5921942
5670660
7165962
9232838
6176295
6351713
4258610
782180
949408
8114768
9474439
1289878
4456486
944393
8914333
3428399
3113719
4459578
8953118
9900602
2992801
8083366
3980585
909189
5160941
228202
696173
8925733
1290
7305401
4289937
8407692
915236
9685413
5572308
8443846
6997409
5055810
2704101
7379349
9884660
8415381
7311913
8211460
742892
3713486
9100656
1898333
1671334
2367586
6213956
4652394
7076266
1640462
2581475
2666464
2800081
4276785
425914
1634444
9709152
5888092
403194
6317365
5884519
6769554
6515132
6756584
8480877
7161395
7580382
2067664
8216183
5499857
2317976
8439589
5934793
9614779
9730072
9477055
2402876
3557403
3982042
7493973
1851001
9289105
601591
3564056
3561359
3503786
7990395
9897342
40050
8486685
3758625
4272835
5887354
9151604
814689
8182257
6852405
1599481
5396491
4126379
5905241
4256945
335582
3733520
7305592
2396022
7804505
3190153
5311042
7507609
5536614
5096595
1185155
6710565
2679205
1328958
6933013
8892567
6916332
6952634
7205761
3492055
6385090
3231180
856668
3557839
7507589
241963
1259206
4687241
1570472
8400125
5988157
8181498
3107310
6766422
5004404
122552
9673034
5267422
8804601
4832388
2444182
2265710
874181
4429706
8305713
2358846
4076302
8626419
6279152
8364656
4580156
1453321
3950177
5379607
6178060
1869405
7582964
4070672
9533049
5580432
7822127
3220715
4750899
5006631
7187994
3960614
5780667
6664972
3313865
8337265
3744272
4572956
7354421
3105876
1436653
7669581
4096058
970266
4456830
545501
5664845
2718165
5466832
3213419
776716
9307347
4141166
9482515
2510084
8144939
584493
9443622
705958
9887336
670412
1365924
4065854
2348646
539487
1703423
357401
6147811
277014
5856684
3434278
4809745
6605816
7130664
7509389
8183306
6447144
6042098
3538486
9054776
9392515
8722652
1857785
9905360
1178475
1377419
525445
7393934
3867186
1024351
9015469
9273454
3438218
5725056
3882201
8794345
335582
4412781
6008266
4098983
9817168
5586357
89554
2697097
6981857
2079567
182892
3449597
5645926
3643216
758415
1208107
8028916
9100656
2541696
7001990
2962772
9656205
28007
6403083
2334857
487198
4535875
5605086
3364293
705306
9977664
7715282
3301338
2501434
9811710
4279704
3880668
9792885
260746
1364402
2699260
207816
396787
5254292
7020709
1367519
9930825
2569840
8958480
4327645
6985883
6040147
3035779
9110782
335816
3011812
419894
4317223
691902
9572411
458617
3800549
3967991
9170154
6736113
2508700
8577991
6933380
962938
122865
6404870
6704751
7789781
4035027
7091720
4008222
5183239
6887938
2864068
706602
6404456
2830724
4626891
925806
8344659
3354690
8219926
2398189
5653572
9496173
6632178
8938819
8734246
6741451
2512629
7426269
7799042
1650549
1092161
2470127
1502563
113784
1066624
6186806
5113200
8780563
8251772
7171110
6803784
3866936
4999651
9322533
5456598
7794386
1250080
6014962
7803390
8893202
2859194
6263514
8602833
548678
4653477
7493236
3517563
4090134
2209596
4440938
4425793
9309331
5230714
238516
2698740
5052547
5870756
9201167
6473157
63758
3623289
8197703
8901268
9331091
2587018
4565144
2384184
5644138
2605416
9159778
3130678
6072176
5115030
4348679
7890675
1792028
7604121
4140382
1801057
1132470
7944066
276302
3405483
7117193
7638844
7620766
3411357
6620464
1577276
5288913
4194223
2399733
7034541
8902321
8007501
4396052
8702980
6126683
6596598
4225385
2745925
1999611
3963790
6519321
8078321
5910665
3641177
4997344
4443989
9391921
6188925
9049986
2423901
7905602
9690065
282751
255048
1079289
8917140
7195859
7744266
7890931
5937851
7401982
2273358
9412311
658335
6700792
1209131
7502965
2888816
1139904
115694
635651
2790984
8524113
5201573
8688873
1049336
2219751
8595729
4832028
5650795
7070066
7235435
2328693
827645
1965082
8710907
2379791
3651744
5770616
2059218
5391098
3011243
7162944
9234345
2980767
9653542
8353125
4207707
6994530
7659953
5632549
1684597
8439690
1535083
4490848
2848691
6263519
9730044
4127928
5458343
7874525
2895196
9285293
9189272
4366145
8308199
7579539
8629843
5523808
9482727
2097443
9029584
3572994
3598609
4943578
759701
4019239
1983885
226513
6480466
3927412
1979744
3709814
1963766
4248745
2440264
5986347
8526442
9356944
738483
9012279
83201
6803247
7544099
1028631
8799103
8377285
6248623
7235133
1414046
315220
8701855
2880908
6257751
1366655
7789243
6981693
3786475
976026
8303804
6279265
9481629
1640714
2000851
8939005
3890796
7714316
7743909
9586248
2140285
6695791
9887336
8813519
3881750
5780367
7744186
9700222
81759
6810310
7075854
2864192
9530231
6094756
413617
2621536
9846160
5402879
5443919
5630061
4355473
1833434
7382554
2770655
4066777
4789187
1090370
1205798
7153117
2593573
2505821
1009644
1360252
4010978
98989
3253588
2700405
5919811
2728561
8346675
5583331
332646
2254304
7247561
9524629
6824269
6214329
4755967
2971273
62118
5322187
547632
7935003
8646933
7198383
1529505
1187119
2602779
752285
419938
7169290
